<?xml version="1.0" encoding="UTF-8"?>
<robot generator="Robot 7.3.2 (Python 3.13.2 on win32)" generated="2025-12-05T10:36:49.102915" rpa="false" schemaversion="5">
<suite id="s1" name="Login Folder &amp; Brick Account Folder &amp; Hospital Account Folder &amp; Contact Folder &amp; Business Unit Folder &amp; User Business Unit Folder &amp; Contact Business Unit Folder &amp; Marketing Cycle Folder &amp; Marketing Cycle Detail Folder &amp; Target KPI Folder">
<suite id="s1-s1" name="Login Folder" source="C:\Users\Abubakar.Arshad\PycharmProjects\Demo_SmartCRM-Final\Automation\Login_Folder">
<suite id="s1-s1-s1" name="Login" source="C:\Users\Abubakar.Arshad\PycharmProjects\Demo_SmartCRM-Final\Automation\Login_Folder\Login.robot">
<kw name="Open My Browser" owner="Login" type="SETUP">
<msg time="2025-12-05T10:36:51.391103" level="TRACE">Arguments: [  ]</msg>
<kw name="Open Browser" owner="SeleniumLibrary">
<msg time="2025-12-05T10:36:51.391996" level="TRACE">Arguments: [ 'https://raptorsconsulting--qasmartcrm.sandbox.lightning.force.com/' | 'Chrome' | options='add_experimental_option("detach", True)' ]</msg>
<msg time="2025-12-05T10:36:51.392204" level="INFO">Opening browser 'Chrome' to base url 'https://raptorsconsulting--qasmartcrm.sandbox.lightning.force.com/'.</msg>
<msg time="2025-12-05T10:36:51.395088" level="DEBUG">Selenium Manager binary found at: C:\Users\Abubakar.Arshad\PycharmProjects\Demo_SmartCRM-Final\.venv\Lib\site-packages\selenium\webdriver\common\windows\selenium-manager.exe</msg>
<msg time="2025-12-05T10:36:51.395321" level="DEBUG">Executing process: C:\Users\Abubakar.Arshad\PycharmProjects\Demo_SmartCRM-Final\.venv\Lib\site-packages\selenium\webdriver\common\windows\selenium-manager.exe --browser chrome --language-binding python --output json</msg>
<msg time="2025-12-05T10:36:53.175720" level="DEBUG">Driver path: C:\Users\Abubakar.Arshad\.cache\selenium\chromedriver\win64\142.0.7444.175\chromedriver.exe</msg>
<msg time="2025-12-05T10:36:53.175849" level="DEBUG">Browser path: C:\Program Files\Google\Chrome\Application\chrome.exe</msg>
<msg time="2025-12-05T10:36:53.187911" level="DEBUG">Started executable: `C:\Users\Abubakar.Arshad\.cache\selenium\chromedriver\win64\142.0.7444.175\chromedriver.exe` in a child process with pid: 27340 using 0 to output -3</msg>
<msg time="2025-12-05T10:36:53.698604" level="DEBUG">POST http://localhost:54533/session {'capabilities': {'firstMatch': [{}], 'alwaysMatch': {'browserName': 'chrome', 'pageLoadStrategy': &lt;PageLoadStrategy.normal: 'normal'&gt;, 'browserVersion': None, 'goog:chromeOptions': {'detach': True, 'extensions': [], 'binary': 'C:\\Program Files\\Google\\Chrome\\Application\\chrome.exe', 'args': []}}}}</msg>
<msg time="2025-12-05T10:36:53.698987" level="DEBUG">Starting new HTTP connection (1): localhost:54533</msg>
<msg time="2025-12-05T10:36:55.373490" level="DEBUG">http://localhost:54533 "POST /session HTTP/1.1" 200 0</msg>
<msg time="2025-12-05T10:36:55.373643" level="DEBUG">Remote response: status=200 | data={"value":{"capabilities":{"acceptInsecureCerts":false,"browserName":"chrome","browserVersion":"142.0.7444.176","chrome":{"chromedriverVersion":"142.0.7444.175 (302067f14a4ea3f42001580e6101fa25ed343445-refs/branch-heads/7444@{#2749})","userDataDir":"C:\\Users\\ABUBAK~1.ARS\\AppData\\Local\\Temp\\scoped_dir27340_472162066"},"fedcm:accounts":true,"goog:chromeOptions":{"debuggerAddress":"localhost:54541"},"goog:processID":52664,"networkConnectionEnabled":false,"pageLoadStrategy":"normal","platformName":"windows","proxy":{},"setWindowRect":true,"strictFileInteractability":false,"timeouts":{"implicit":0,"pageLoad":300000,"script":30000},"unhandledPromptBehavior":"dismiss and notify","webauthn:extension:credBlob":true,"webauthn:extension:largeBlob":true,"webauthn:extension:minPinLength":true,"webauthn:extension:prf":true,"webauthn:virtualAuthenticators":true},"sessionId":"095b1ab3cb52e5b0faa632c6f2eec0dc"}} | headers=HTTPHeaderDict({'Content-Length': '913', 'Content-Type': 'application/json; charset=utf-8', 'cache-control': 'no-cache'})</msg>
<msg time="2025-12-05T10:36:55.373732" level="DEBUG">Finished Request</msg>
<msg time="2025-12-05T10:36:55.374064" level="DEBUG">POST http://localhost:54533/session/095b1ab3cb52e5b0faa632c6f2eec0dc/timeouts {'script': 5000}</msg>
<msg time="2025-12-05T10:36:55.376312" level="DEBUG">http://localhost:54533 "POST /session/095b1ab3cb52e5b0faa632c6f2eec0dc/timeouts HTTP/1.1" 200 0</msg>
<msg time="2025-12-05T10:36:55.376489" level="DEBUG">Remote response: status=200 | data={"value":null} | headers=HTTPHeaderDict({'Content-Length': '14', 'Content-Type': 'application/json; charset=utf-8', 'cache-control': 'no-cache'})</msg>
<msg time="2025-12-05T10:36:55.376561" level="DEBUG">Finished Request</msg>
<msg time="2025-12-05T10:36:55.376670" level="DEBUG">POST http://localhost:54533/session/095b1ab3cb52e5b0faa632c6f2eec0dc/timeouts {'implicit': 0}</msg>
<msg time="2025-12-05T10:36:55.377588" level="DEBUG">http://localhost:54533 "POST /session/095b1ab3cb52e5b0faa632c6f2eec0dc/timeouts HTTP/1.1" 200 0</msg>
<msg time="2025-12-05T10:36:55.377756" level="DEBUG">Remote response: status=200 | data={"value":null} | headers=HTTPHeaderDict({'Content-Length': '14', 'Content-Type': 'application/json; charset=utf-8', 'cache-control': 'no-cache'})</msg>
<msg time="2025-12-05T10:36:55.377837" level="DEBUG">Finished Request</msg>
<msg time="2025-12-05T10:36:55.377956" level="DEBUG">POST http://localhost:54533/session/095b1ab3cb52e5b0faa632c6f2eec0dc/timeouts {'pageLoad': 300000}</msg>
<msg time="2025-12-05T10:36:55.378850" level="DEBUG">http://localhost:54533 "POST /session/095b1ab3cb52e5b0faa632c6f2eec0dc/timeouts HTTP/1.1" 200 0</msg>
<msg time="2025-12-05T10:36:55.378983" level="DEBUG">Remote response: status=200 | data={"value":null} | headers=HTTPHeaderDict({'Content-Length': '14', 'Content-Type': 'application/json; charset=utf-8', 'cache-control': 'no-cache'})</msg>
<msg time="2025-12-05T10:36:55.379050" level="DEBUG">Finished Request</msg>
<msg time="2025-12-05T10:36:55.379157" level="DEBUG">POST http://localhost:54533/session/095b1ab3cb52e5b0faa632c6f2eec0dc/url {'url': 'https://raptorsconsulting--qasmartcrm.sandbox.lightning.force.com/'}</msg>
<msg time="2025-12-05T10:37:11.087367" level="DEBUG">http://localhost:54533 "POST /session/095b1ab3cb52e5b0faa632c6f2eec0dc/url HTTP/1.1" 200 0</msg>
<msg time="2025-12-05T10:37:11.087496" level="DEBUG">Remote response: status=200 | data={"value":null} | headers=HTTPHeaderDict({'Content-Length': '14', 'Content-Type': 'application/json; charset=utf-8', 'cache-control': 'no-cache'})</msg>
<msg time="2025-12-05T10:37:11.087563" level="DEBUG">Finished Request</msg>
<msg time="2025-12-05T10:37:11.087605" level="DEBUG">Opened browser with session id 095b1ab3cb52e5b0faa632c6f2eec0dc.</msg>
<msg time="2025-12-05T10:37:11.087651" level="TRACE">Return: 1</msg>
<arg>https://raptorsconsulting--qasmartcrm.sandbox.lightning.force.com/</arg>
<arg>Chrome</arg>
<arg>options=add_experimental_option("detach", True)</arg>
<doc>Opens a new browser instance to the optional ``url``.</doc>
<status status="PASS" start="2025-12-05T10:36:51.391760" elapsed="19.695938"/>
</kw>
<kw name="Maximize Browser Window" owner="SeleniumLibrary">
<msg time="2025-12-05T10:37:11.087998" level="TRACE">Arguments: [  ]</msg>
<msg time="2025-12-05T10:37:11.088117" level="DEBUG">POST http://localhost:54533/session/095b1ab3cb52e5b0faa632c6f2eec0dc/window/maximize {}</msg>
<msg time="2025-12-05T10:37:11.117756" level="DEBUG">http://localhost:54533 "POST /session/095b1ab3cb52e5b0faa632c6f2eec0dc/window/maximize HTTP/1.1" 200 0</msg>
<msg time="2025-12-05T10:37:11.117957" level="DEBUG">Remote response: status=200 | data={"value":{"height":1000,"width":1296,"x":1528,"y":-8}} | headers=HTTPHeaderDict({'Content-Length': '54', 'Content-Type': 'application/json; charset=utf-8', 'cache-control': 'no-cache'})</msg>
<msg time="2025-12-05T10:37:11.118056" level="DEBUG">Finished Request</msg>
<msg time="2025-12-05T10:37:11.118164" level="TRACE">Return: None</msg>
<doc>Maximizes current browser window.</doc>
<status status="PASS" start="2025-12-05T10:37:11.087928" elapsed="0.030309"/>
</kw>
<msg time="2025-12-05T10:37:11.118533" level="TRACE">Return: None</msg>
<status status="PASS" start="2025-12-05T10:36:51.390398" elapsed="19.728191"/>
</kw>
<test id="s1-s1-s1-t1" name="Login Test Case Using Admin and 123" line="31">
<kw name="Login Scenario">
<msg time="2025-12-05T10:37:11.121244" level="TRACE">Arguments: [ ${username}='Admin' | ${password}='123' ]</msg>
<kw name="Sleep" owner="BuiltIn">
<msg time="2025-12-05T10:37:11.121981" level="TRACE">Arguments: [ '2s' ]</msg>
<msg time="2025-12-05T10:37:13.122834" level="INFO">Slept 2 seconds.</msg>
<msg time="2025-12-05T10:37:13.122935" level="TRACE">Return: None</msg>
<arg>2s</arg>
<doc>Pauses the test executed for the given time.</doc>
<status status="PASS" start="2025-12-05T10:37:11.121772" elapsed="2.001209"/>
</kw>
<kw name="Input Text" owner="SeleniumLibrary">
<msg time="2025-12-05T10:37:13.123472" level="TRACE">Arguments: [ 'xpath=//*[@id="username"]' | 'Admin' ]</msg>
<msg time="2025-12-05T10:37:13.123571" level="INFO">Typing text 'Admin' into text field 'xpath=//*[@id="username"]'.</msg>
<msg time="2025-12-05T10:37:13.123830" level="DEBUG">POST http://localhost:54533/session/095b1ab3cb52e5b0faa632c6f2eec0dc/elements {'using': 'xpath', 'value': '//*[@id="username"]'}</msg>
<msg time="2025-12-05T10:37:13.141571" level="DEBUG">http://localhost:54533 "POST /session/095b1ab3cb52e5b0faa632c6f2eec0dc/elements HTTP/1.1" 200 0</msg>
<msg time="2025-12-05T10:37:13.141703" level="DEBUG">Remote response: status=200 | data={"value":[{"element-6066-11e4-a52e-4f735466cecf":"f.8C43B1550222BF81E85534747060C1AD.d.D360A16202AB1E0B4751DFCBE9E55F61.e.14"}]} | headers=HTTPHeaderDict({'Content-Length': '128', 'Content-Type': 'application/json; charset=utf-8', 'cache-control': 'no-cache'})</msg>
<msg time="2025-12-05T10:37:13.141768" level="DEBUG">Finished Request</msg>
<msg time="2025-12-05T10:37:13.141855" level="DEBUG">POST http://localhost:54533/session/095b1ab3cb52e5b0faa632c6f2eec0dc/element/f.8C43B1550222BF81E85534747060C1AD.d.D360A16202AB1E0B4751DFCBE9E55F61.e.14/clear {}</msg>
<msg time="2025-12-05T10:37:13.171068" level="DEBUG">http://localhost:54533 "POST /session/095b1ab3cb52e5b0faa632c6f2eec0dc/element/f.8C43B1550222BF81E85534747060C1AD.d.D360A16202AB1E0B4751DFCBE9E55F61.e.14/clear HTTP/1.1" 200 0</msg>
<msg time="2025-12-05T10:37:13.171192" level="DEBUG">Remote response: status=200 | data={"value":null} | headers=HTTPHeaderDict({'Content-Length': '14', 'Content-Type': 'application/json; charset=utf-8', 'cache-control': 'no-cache'})</msg>
<msg time="2025-12-05T10:37:13.171251" level="DEBUG">Finished Request</msg>
<msg time="2025-12-05T10:37:13.171352" level="DEBUG">POST http://localhost:54533/session/095b1ab3cb52e5b0faa632c6f2eec0dc/element/f.8C43B1550222BF81E85534747060C1AD.d.D360A16202AB1E0B4751DFCBE9E55F61.e.14/value {'text': 'Admin', 'value': ['A', 'd', 'm', 'i', 'n']}</msg>
<msg time="2025-12-05T10:37:13.213225" level="DEBUG">http://localhost:54533 "POST /session/095b1ab3cb52e5b0faa632c6f2eec0dc/element/f.8C43B1550222BF81E85534747060C1AD.d.D360A16202AB1E0B4751DFCBE9E55F61.e.14/value HTTP/1.1" 200 0</msg>
<msg time="2025-12-05T10:37:13.213352" level="DEBUG">Remote response: status=200 | data={"value":null} | headers=HTTPHeaderDict({'Content-Length': '14', 'Content-Type': 'application/json; charset=utf-8', 'cache-control': 'no-cache'})</msg>
<msg time="2025-12-05T10:37:13.213411" level="DEBUG">Finished Request</msg>
<msg time="2025-12-05T10:37:13.213473" level="TRACE">Return: None</msg>
<arg>${USERNAME_XPATH}</arg>
<arg>${username}</arg>
<doc>Types the given ``text`` into the text field identified by ``locator``.</doc>
<status status="PASS" start="2025-12-05T10:37:13.123141" elapsed="0.090379"/>
</kw>
<kw name="Input Password" owner="SeleniumLibrary">
<msg time="2025-12-05T10:37:13.213912" level="TRACE">Arguments: [ 'xpath=//*[@id="password"]' | '123' ]</msg>
<msg time="2025-12-05T10:37:13.213995" level="INFO">Typing password into text field 'xpath=//*[@id="password"]'.</msg>
<msg time="2025-12-05T10:37:13.214125" level="DEBUG">POST http://localhost:54533/session/095b1ab3cb52e5b0faa632c6f2eec0dc/elements {'using': 'xpath', 'value': '//*[@id="password"]'}</msg>
<msg time="2025-12-05T10:37:13.222667" level="DEBUG">http://localhost:54533 "POST /session/095b1ab3cb52e5b0faa632c6f2eec0dc/elements HTTP/1.1" 200 0</msg>
<msg time="2025-12-05T10:37:13.222804" level="DEBUG">Remote response: status=200 | data={"value":[{"element-6066-11e4-a52e-4f735466cecf":"f.8C43B1550222BF81E85534747060C1AD.d.D360A16202AB1E0B4751DFCBE9E55F61.e.15"}]} | headers=HTTPHeaderDict({'Content-Length': '128', 'Content-Type': 'application/json; charset=utf-8', 'cache-control': 'no-cache'})</msg>
<msg time="2025-12-05T10:37:13.222868" level="DEBUG">Finished Request</msg>
<msg time="2025-12-05T10:37:13.222970" level="DEBUG">POST http://localhost:54533/session/095b1ab3cb52e5b0faa632c6f2eec0dc/element/f.8C43B1550222BF81E85534747060C1AD.d.D360A16202AB1E0B4751DFCBE9E55F61.e.15/clear {}</msg>
<msg time="2025-12-05T10:37:13.237400" level="DEBUG">http://localhost:54533 "POST /session/095b1ab3cb52e5b0faa632c6f2eec0dc/element/f.8C43B1550222BF81E85534747060C1AD.d.D360A16202AB1E0B4751DFCBE9E55F61.e.15/clear HTTP/1.1" 200 0</msg>
<msg time="2025-12-05T10:37:13.237524" level="DEBUG">Remote response: status=200 | data={"value":null} | headers=HTTPHeaderDict({'Content-Length': '14', 'Content-Type': 'application/json; charset=utf-8', 'cache-control': 'no-cache'})</msg>
<msg time="2025-12-05T10:37:13.237585" level="DEBUG">Finished Request</msg>
<msg time="2025-12-05T10:37:13.237624" level="INFO">Temporally setting log level to: NONE</msg>
<msg time="2025-12-05T10:37:13.264692" level="DEBUG">Log level changed from NONE to TRACE.</msg>
<msg time="2025-12-05T10:37:13.264757" level="TRACE">Return: None</msg>
<arg>${PASSWORD_XPATH}</arg>
<arg>${password}</arg>
<doc>Types the given password into the text field identified by ``locator``.</doc>
<status status="PASS" start="2025-12-05T10:37:13.213698" elapsed="0.051098"/>
</kw>
<kw name="Select Checkbox" owner="SeleniumLibrary">
<msg time="2025-12-05T10:37:13.265095" level="TRACE">Arguments: [ 'xpath=//input[@id="rememberUn"]' ]</msg>
<msg time="2025-12-05T10:37:13.265157" level="INFO">Selecting checkbox 'xpath=//input[@id="rememberUn"]'.</msg>
<msg time="2025-12-05T10:37:13.265266" level="DEBUG">POST http://localhost:54533/session/095b1ab3cb52e5b0faa632c6f2eec0dc/elements {'using': 'xpath', 'value': '//input[@id="rememberUn"]'}</msg>
<msg time="2025-12-05T10:37:13.272582" level="DEBUG">http://localhost:54533 "POST /session/095b1ab3cb52e5b0faa632c6f2eec0dc/elements HTTP/1.1" 200 0</msg>
<msg time="2025-12-05T10:37:13.272710" level="DEBUG">Remote response: status=200 | data={"value":[{"element-6066-11e4-a52e-4f735466cecf":"f.8C43B1550222BF81E85534747060C1AD.d.D360A16202AB1E0B4751DFCBE9E55F61.e.16"}]} | headers=HTTPHeaderDict({'Content-Length': '128', 'Content-Type': 'application/json; charset=utf-8', 'cache-control': 'no-cache'})</msg>
<msg time="2025-12-05T10:37:13.272776" level="DEBUG">Finished Request</msg>
<msg time="2025-12-05T10:37:13.272876" level="DEBUG">GET http://localhost:54533/session/095b1ab3cb52e5b0faa632c6f2eec0dc/element/f.8C43B1550222BF81E85534747060C1AD.d.D360A16202AB1E0B4751DFCBE9E55F61.e.16/name {}</msg>
<msg time="2025-12-05T10:37:13.278098" level="DEBUG">http://localhost:54533 "GET /session/095b1ab3cb52e5b0faa632c6f2eec0dc/element/f.8C43B1550222BF81E85534747060C1AD.d.D360A16202AB1E0B4751DFCBE9E55F61.e.16/name HTTP/1.1" 200 0</msg>
<msg time="2025-12-05T10:37:13.278389" level="DEBUG">Remote response: status=200 | data={"value":"input"} | headers=HTTPHeaderDict({'Content-Length': '17', 'Content-Type': 'application/json; charset=utf-8', 'cache-control': 'no-cache'})</msg>
<msg time="2025-12-05T10:37:13.278466" level="DEBUG">Finished Request</msg>
<msg time="2025-12-05T10:37:13.279710" level="DEBUG">POST http://localhost:54533/session/095b1ab3cb52e5b0faa632c6f2eec0dc/execute/sync {'script': '/* getAttribute */return (function(){return (function(){var d=this||self;function f(a,b){function c(...', 'args': [{'element-6066-11e4-a52e-4f735466cecf': 'f.8C43B1550222BF81E85534747060C1AD.d.D360A16202AB1E0B4751DFCBE9E55F61.e.16'}, 'type']}</msg>
<msg time="2025-12-05T10:37:13.284290" level="DEBUG">http://localhost:54533 "POST /session/095b1ab3cb52e5b0faa632c6f2eec0dc/execute/sync HTTP/1.1" 200 0</msg>
<msg time="2025-12-05T10:37:13.284411" level="DEBUG">Remote response: status=200 | data={"value":"checkbox"} | headers=HTTPHeaderDict({'Content-Length': '20', 'Content-Type': 'application/json; charset=utf-8', 'cache-control': 'no-cache'})</msg>
<msg time="2025-12-05T10:37:13.284471" level="DEBUG">Finished Request</msg>
<msg time="2025-12-05T10:37:13.284563" level="DEBUG">GET http://localhost:54533/session/095b1ab3cb52e5b0faa632c6f2eec0dc/element/f.8C43B1550222BF81E85534747060C1AD.d.D360A16202AB1E0B4751DFCBE9E55F61.e.16/selected {}</msg>
<msg time="2025-12-05T10:37:13.292867" level="DEBUG">http://localhost:54533 "GET /session/095b1ab3cb52e5b0faa632c6f2eec0dc/element/f.8C43B1550222BF81E85534747060C1AD.d.D360A16202AB1E0B4751DFCBE9E55F61.e.16/selected HTTP/1.1" 200 0</msg>
<msg time="2025-12-05T10:37:13.293012" level="DEBUG">Remote response: status=200 | data={"value":false} | headers=HTTPHeaderDict({'Content-Length': '15', 'Content-Type': 'application/json; charset=utf-8', 'cache-control': 'no-cache'})</msg>
<msg time="2025-12-05T10:37:13.293073" level="DEBUG">Finished Request</msg>
<msg time="2025-12-05T10:37:13.293170" level="DEBUG">POST http://localhost:54533/session/095b1ab3cb52e5b0faa632c6f2eec0dc/element/f.8C43B1550222BF81E85534747060C1AD.d.D360A16202AB1E0B4751DFCBE9E55F61.e.16/click {}</msg>
<msg time="2025-12-05T10:37:13.367965" level="DEBUG">http://localhost:54533 "POST /session/095b1ab3cb52e5b0faa632c6f2eec0dc/element/f.8C43B1550222BF81E85534747060C1AD.d.D360A16202AB1E0B4751DFCBE9E55F61.e.16/click HTTP/1.1" 200 0</msg>
<msg time="2025-12-05T10:37:13.368101" level="DEBUG">Remote response: status=200 | data={"value":null} | headers=HTTPHeaderDict({'Content-Length': '14', 'Content-Type': 'application/json; charset=utf-8', 'cache-control': 'no-cache'})</msg>
<msg time="2025-12-05T10:37:13.368165" level="DEBUG">Finished Request</msg>
<msg time="2025-12-05T10:37:13.368222" level="TRACE">Return: None</msg>
<arg>${CHECKBOX_XPATH}</arg>
<doc>Selects the checkbox identified by ``locator``.</doc>
<status status="PASS" start="2025-12-05T10:37:13.264944" elapsed="0.103322"/>
</kw>
<kw name="Click Button" owner="SeleniumLibrary">
<msg time="2025-12-05T10:37:13.368653" level="TRACE">Arguments: [ 'xpath=//*[@id="Login"]' ]</msg>
<msg time="2025-12-05T10:37:13.368767" level="INFO">Clicking button 'xpath=//*[@id="Login"]'.</msg>
<msg time="2025-12-05T10:37:13.368947" level="DEBUG">POST http://localhost:54533/session/095b1ab3cb52e5b0faa632c6f2eec0dc/elements {'using': 'xpath', 'value': '//*[@id="Login"]'}</msg>
<msg time="2025-12-05T10:37:13.376642" level="DEBUG">http://localhost:54533 "POST /session/095b1ab3cb52e5b0faa632c6f2eec0dc/elements HTTP/1.1" 200 0</msg>
<msg time="2025-12-05T10:37:13.376788" level="DEBUG">Remote response: status=200 | data={"value":[{"element-6066-11e4-a52e-4f735466cecf":"f.8C43B1550222BF81E85534747060C1AD.d.D360A16202AB1E0B4751DFCBE9E55F61.e.37"}]} | headers=HTTPHeaderDict({'Content-Length': '128', 'Content-Type': 'application/json; charset=utf-8', 'cache-control': 'no-cache'})</msg>
<msg time="2025-12-05T10:37:13.376855" level="DEBUG">Finished Request</msg>
<msg time="2025-12-05T10:37:13.376947" level="DEBUG">GET http://localhost:54533/session/095b1ab3cb52e5b0faa632c6f2eec0dc/element/f.8C43B1550222BF81E85534747060C1AD.d.D360A16202AB1E0B4751DFCBE9E55F61.e.37/name {}</msg>
<msg time="2025-12-05T10:37:13.380277" level="DEBUG">http://localhost:54533 "GET /session/095b1ab3cb52e5b0faa632c6f2eec0dc/element/f.8C43B1550222BF81E85534747060C1AD.d.D360A16202AB1E0B4751DFCBE9E55F61.e.37/name HTTP/1.1" 200 0</msg>
<msg time="2025-12-05T10:37:13.380398" level="DEBUG">Remote response: status=200 | data={"value":"input"} | headers=HTTPHeaderDict({'Content-Length': '17', 'Content-Type': 'application/json; charset=utf-8', 'cache-control': 'no-cache'})</msg>
<msg time="2025-12-05T10:37:13.380458" level="DEBUG">Finished Request</msg>
<msg time="2025-12-05T10:37:13.380544" level="DEBUG">POST http://localhost:54533/session/095b1ab3cb52e5b0faa632c6f2eec0dc/element/f.8C43B1550222BF81E85534747060C1AD.d.D360A16202AB1E0B4751DFCBE9E55F61.e.37/click {}</msg>
<msg time="2025-12-05T10:37:13.417302" level="DEBUG">http://localhost:54533 "POST /session/095b1ab3cb52e5b0faa632c6f2eec0dc/element/f.8C43B1550222BF81E85534747060C1AD.d.D360A16202AB1E0B4751DFCBE9E55F61.e.37/click HTTP/1.1" 200 0</msg>
<msg time="2025-12-05T10:37:13.417446" level="DEBUG">Remote response: status=200 | data={"value":null} | headers=HTTPHeaderDict({'Content-Length': '14', 'Content-Type': 'application/json; charset=utf-8', 'cache-control': 'no-cache'})</msg>
<msg time="2025-12-05T10:37:13.417510" level="DEBUG">Finished Request</msg>
<msg time="2025-12-05T10:37:13.417565" level="TRACE">Return: None</msg>
<arg>${LOGIN_BUTTON_XPATH}</arg>
<doc>Clicks the button identified by ``locator``.</doc>
<status status="PASS" start="2025-12-05T10:37:13.368424" elapsed="0.049184"/>
</kw>
<if>
<branch type="IF" condition="'${username}' == 'qasmart.zee@bssuniversal.com' and '${password}' == 'Bss@2025-1'">
<kw name="Pause Execution" owner="Dialogs">
<arg>🟡 Salesforce sent a verification code to Outlook. Please \nenter it manually and click "Verify" in the browser. Then \npress OK to continue.</arg>
<doc>Pauses execution until user clicks ``Ok`` button.</doc>
<status status="NOT RUN" start="2025-12-05T10:37:13.418032" elapsed="0.000030"/>
</kw>
<kw name="Wait Until Element Is Visible" owner="SeleniumLibrary">
<arg>${CRM_TEXT_VISIBLE}</arg>
<arg>10s</arg>
<doc>Waits until the element ``locator`` is visible.</doc>
<status status="NOT RUN" start="2025-12-05T10:37:13.419841" elapsed="0.000037"/>
</kw>
<status status="NOT RUN" start="2025-12-05T10:37:13.417746" elapsed="0.002171"/>
</branch>
<branch type="ELSE">
<kw name="Page Should Contain" owner="SeleniumLibrary">
<msg time="2025-12-05T10:37:13.420132" level="TRACE">Arguments: [ "Please check your username and password. If you still can't log in, contact your Salesforce administrator." ]</msg>
<msg time="2025-12-05T10:37:13.420279" level="DEBUG">POST http://localhost:54533/session/095b1ab3cb52e5b0faa632c6f2eec0dc/frame {'id': None}</msg>
<msg time="2025-12-05T10:37:13.423083" level="DEBUG">http://localhost:54533 "POST /session/095b1ab3cb52e5b0faa632c6f2eec0dc/frame HTTP/1.1" 200 0</msg>
<msg time="2025-12-05T10:37:13.423180" level="DEBUG">Remote response: status=200 | data={"value":null} | headers=HTTPHeaderDict({'Content-Length': '14', 'Content-Type': 'application/json; charset=utf-8', 'cache-control': 'no-cache'})</msg>
<msg time="2025-12-05T10:37:13.423236" level="DEBUG">Finished Request</msg>
<msg time="2025-12-05T10:37:13.423352" level="DEBUG">POST http://localhost:54533/session/095b1ab3cb52e5b0faa632c6f2eec0dc/elements {'using': 'xpath', 'value': '//*[contains(., "Please check your username and password. If you still can\'t log in, contact your Sa...'}</msg>
<msg time="2025-12-05T10:37:14.054718" level="DEBUG">http://localhost:54533 "POST /session/095b1ab3cb52e5b0faa632c6f2eec0dc/elements HTTP/1.1" 200 0</msg>
<msg time="2025-12-05T10:37:14.054843" level="DEBUG">Remote response: status=200 | data={"value":[{"element-6066-11e4-a52e-4f735466cecf":"f.8C43B1550222BF81E85534747060C1AD.d.3111DB5A41753393DBE24BCE53180021.e.83"},{"element-6066-11e4-a52e-4f735466cecf":"f.8C43B1550222BF81E85534747060C1AD.d.3111DB5A41753393DBE24BCE53180021.e.84"},{"element-6066-11e4-a52e-4f735466cecf":"f.8C43B1550222BF81E85534747060C1AD.d.3111DB5A41753393DBE24BCE53180021.e.85"},{"element-6066-11e4-a52e-4f735466cecf":"f.8C43B1550222BF81E85534747060C1AD.d.3111DB5A41753393DBE24BCE53180021.e.86"},{"element-6066-11e4-a52e-4f735466cecf":"f.8C43B1550222BF81E85534747060C1AD.d.3111DB5A41753393DBE24BCE53180021.e.87"},{"element-6066-11e4-a52e-4f735466cecf":"f.8C43B1550222BF81E85534747060C1AD.d.3111DB5A41753393DBE24BCE53180021.e.88"},{"element-6066-11e4-a52e-4f735466cecf":"f.8C43B1550222BF81E85534747060C1AD.d.3111DB5A41753393DBE24BCE53180021.e.89"},{"element-6066-11e4-a52e-4f735466cecf":"f.8C43B1550222BF81E85534747060C1AD.d.3111DB5A41753393DBE24BCE53180021.e.90"},{"element-6066-11e4-a52e-4f735466cecf":"f.8C43B1550222BF81E85534747060C1AD.d.3111DB5A41753393DBE24BCE53180021.e.56"},{"element-6066-11e4-a52e-4f735466cecf":"f.8C43B1550222BF81E85534747060C1AD.d.3111DB5A41753393DBE24BCE53180021.e.91"}]} | headers=HTTPHeaderDict({'Content-Length': '1181', 'Content-Type': 'application/json; charset=utf-8', 'cache-control': 'no-cache'})</msg>
<msg time="2025-12-05T10:37:14.054968" level="DEBUG">Finished Request</msg>
<msg time="2025-12-05T10:37:14.055023" level="INFO">Current page contains text 'Please check your username and password. If you still can't log in, contact your Salesforce administrator.'.</msg>
<msg time="2025-12-05T10:37:14.055065" level="TRACE">Return: None</msg>
<arg>Please check your username and password. If you still can't log in, contact your Salesforce administrator.</arg>
<doc>Verifies that current page contains ``text``.</doc>
<status status="PASS" start="2025-12-05T10:37:13.420050" elapsed="0.635056"/>
</kw>
<status status="PASS" start="2025-12-05T10:37:13.419969" elapsed="0.635201"/>
</branch>
<status status="PASS" start="2025-12-05T10:37:13.417708" elapsed="0.637505"/>
</if>
<msg time="2025-12-05T10:37:14.055268" level="TRACE">Return: None</msg>
<arg>username=Admin</arg>
<arg>password=123</arg>
<status status="PASS" start="2025-12-05T10:37:11.120741" elapsed="2.934557"/>
</kw>
<doc>Test has only tag 'requirement: 42'.</doc>
<tag>critical</tag>
<tag>login</tag>
<tag>smoke</tag>
<status status="PASS" start="2025-12-05T10:37:11.118708" elapsed="2.936958"/>
</test>
<test id="s1-s1-s1-t2" name="Login Test Case Using adm and 123" line="31">
<kw name="Login Scenario">
<msg time="2025-12-05T10:37:14.057786" level="TRACE">Arguments: [ ${username}='adm' | ${password}='123' ]</msg>
<kw name="Sleep" owner="BuiltIn">
<msg time="2025-12-05T10:37:14.058143" level="TRACE">Arguments: [ '2s' ]</msg>
<msg time="2025-12-05T10:37:16.059253" level="INFO">Slept 2 seconds.</msg>
<msg time="2025-12-05T10:37:16.059358" level="TRACE">Return: None</msg>
<arg>2s</arg>
<doc>Pauses the test executed for the given time.</doc>
<status status="PASS" start="2025-12-05T10:37:14.058058" elapsed="2.001352"/>
</kw>
<kw name="Input Text" owner="SeleniumLibrary">
<msg time="2025-12-05T10:37:16.059861" level="TRACE">Arguments: [ 'xpath=//*[@id="username"]' | 'adm' ]</msg>
<msg time="2025-12-05T10:37:16.059962" level="INFO">Typing text 'adm' into text field 'xpath=//*[@id="username"]'.</msg>
<msg time="2025-12-05T10:37:16.060102" level="DEBUG">POST http://localhost:54533/session/095b1ab3cb52e5b0faa632c6f2eec0dc/elements {'using': 'xpath', 'value': '//*[@id="username"]'}</msg>
<msg time="2025-12-05T10:37:16.064932" level="DEBUG">http://localhost:54533 "POST /session/095b1ab3cb52e5b0faa632c6f2eec0dc/elements HTTP/1.1" 200 0</msg>
<msg time="2025-12-05T10:37:16.065058" level="DEBUG">Remote response: status=200 | data={"value":[{"element-6066-11e4-a52e-4f735466cecf":"f.8C43B1550222BF81E85534747060C1AD.d.3111DB5A41753393DBE24BCE53180021.e.57"}]} | headers=HTTPHeaderDict({'Content-Length': '128', 'Content-Type': 'application/json; charset=utf-8', 'cache-control': 'no-cache'})</msg>
<msg time="2025-12-05T10:37:16.065128" level="DEBUG">Finished Request</msg>
<msg time="2025-12-05T10:37:16.065243" level="DEBUG">POST http://localhost:54533/session/095b1ab3cb52e5b0faa632c6f2eec0dc/element/f.8C43B1550222BF81E85534747060C1AD.d.3111DB5A41753393DBE24BCE53180021.e.57/clear {}</msg>
<msg time="2025-12-05T10:37:16.079777" level="DEBUG">http://localhost:54533 "POST /session/095b1ab3cb52e5b0faa632c6f2eec0dc/element/f.8C43B1550222BF81E85534747060C1AD.d.3111DB5A41753393DBE24BCE53180021.e.57/clear HTTP/1.1" 200 0</msg>
<msg time="2025-12-05T10:37:16.079906" level="DEBUG">Remote response: status=200 | data={"value":null} | headers=HTTPHeaderDict({'Content-Length': '14', 'Content-Type': 'application/json; charset=utf-8', 'cache-control': 'no-cache'})</msg>
<msg time="2025-12-05T10:37:16.079969" level="DEBUG">Finished Request</msg>
<msg time="2025-12-05T10:37:16.080064" level="DEBUG">POST http://localhost:54533/session/095b1ab3cb52e5b0faa632c6f2eec0dc/element/f.8C43B1550222BF81E85534747060C1AD.d.3111DB5A41753393DBE24BCE53180021.e.57/value {'text': 'adm', 'value': ['a', 'd', 'm']}</msg>
<msg time="2025-12-05T10:37:16.104260" level="DEBUG">http://localhost:54533 "POST /session/095b1ab3cb52e5b0faa632c6f2eec0dc/element/f.8C43B1550222BF81E85534747060C1AD.d.3111DB5A41753393DBE24BCE53180021.e.57/value HTTP/1.1" 200 0</msg>
<msg time="2025-12-05T10:37:16.104397" level="DEBUG">Remote response: status=200 | data={"value":null} | headers=HTTPHeaderDict({'Content-Length': '14', 'Content-Type': 'application/json; charset=utf-8', 'cache-control': 'no-cache'})</msg>
<msg time="2025-12-05T10:37:16.104467" level="DEBUG">Finished Request</msg>
<msg time="2025-12-05T10:37:16.104524" level="TRACE">Return: None</msg>
<arg>${USERNAME_XPATH}</arg>
<arg>${username}</arg>
<doc>Types the given ``text`` into the text field identified by ``locator``.</doc>
<status status="PASS" start="2025-12-05T10:37:16.059586" elapsed="0.044983"/>
</kw>
<kw name="Input Password" owner="SeleniumLibrary">
<msg time="2025-12-05T10:37:16.104926" level="TRACE">Arguments: [ 'xpath=//*[@id="password"]' | '123' ]</msg>
<msg time="2025-12-05T10:37:16.104998" level="INFO">Typing password into text field 'xpath=//*[@id="password"]'.</msg>
<msg time="2025-12-05T10:37:16.105109" level="DEBUG">POST http://localhost:54533/session/095b1ab3cb52e5b0faa632c6f2eec0dc/elements {'using': 'xpath', 'value': '//*[@id="password"]'}</msg>
<msg time="2025-12-05T10:37:16.115311" level="DEBUG">http://localhost:54533 "POST /session/095b1ab3cb52e5b0faa632c6f2eec0dc/elements HTTP/1.1" 200 0</msg>
<msg time="2025-12-05T10:37:16.115539" level="DEBUG">Remote response: status=200 | data={"value":[{"element-6066-11e4-a52e-4f735466cecf":"f.8C43B1550222BF81E85534747060C1AD.d.3111DB5A41753393DBE24BCE53180021.e.58"}]} | headers=HTTPHeaderDict({'Content-Length': '128', 'Content-Type': 'application/json; charset=utf-8', 'cache-control': 'no-cache'})</msg>
<msg time="2025-12-05T10:37:16.115608" level="DEBUG">Finished Request</msg>
<msg time="2025-12-05T10:37:16.115704" level="DEBUG">POST http://localhost:54533/session/095b1ab3cb52e5b0faa632c6f2eec0dc/element/f.8C43B1550222BF81E85534747060C1AD.d.3111DB5A41753393DBE24BCE53180021.e.58/clear {}</msg>
<msg time="2025-12-05T10:37:16.130212" level="DEBUG">http://localhost:54533 "POST /session/095b1ab3cb52e5b0faa632c6f2eec0dc/element/f.8C43B1550222BF81E85534747060C1AD.d.3111DB5A41753393DBE24BCE53180021.e.58/clear HTTP/1.1" 200 0</msg>
<msg time="2025-12-05T10:37:16.130349" level="DEBUG">Remote response: status=200 | data={"value":null} | headers=HTTPHeaderDict({'Content-Length': '14', 'Content-Type': 'application/json; charset=utf-8', 'cache-control': 'no-cache'})</msg>
<msg time="2025-12-05T10:37:16.130412" level="DEBUG">Finished Request</msg>
<msg time="2025-12-05T10:37:16.130454" level="INFO">Temporally setting log level to: NONE</msg>
<msg time="2025-12-05T10:37:16.155977" level="DEBUG">Log level changed from NONE to TRACE.</msg>
<msg time="2025-12-05T10:37:16.156042" level="TRACE">Return: None</msg>
<arg>${PASSWORD_XPATH}</arg>
<arg>${password}</arg>
<doc>Types the given password into the text field identified by ``locator``.</doc>
<status status="PASS" start="2025-12-05T10:37:16.104727" elapsed="0.051362"/>
</kw>
<kw name="Select Checkbox" owner="SeleniumLibrary">
<msg time="2025-12-05T10:37:16.156403" level="TRACE">Arguments: [ 'xpath=//input[@id="rememberUn"]' ]</msg>
<msg time="2025-12-05T10:37:16.156467" level="INFO">Selecting checkbox 'xpath=//input[@id="rememberUn"]'.</msg>
<msg time="2025-12-05T10:37:16.156574" level="DEBUG">POST http://localhost:54533/session/095b1ab3cb52e5b0faa632c6f2eec0dc/elements {'using': 'xpath', 'value': '//input[@id="rememberUn"]'}</msg>
<msg time="2025-12-05T10:37:16.162960" level="DEBUG">http://localhost:54533 "POST /session/095b1ab3cb52e5b0faa632c6f2eec0dc/elements HTTP/1.1" 200 0</msg>
<msg time="2025-12-05T10:37:16.163093" level="DEBUG">Remote response: status=200 | data={"value":[{"element-6066-11e4-a52e-4f735466cecf":"f.8C43B1550222BF81E85534747060C1AD.d.3111DB5A41753393DBE24BCE53180021.e.59"}]} | headers=HTTPHeaderDict({'Content-Length': '128', 'Content-Type': 'application/json; charset=utf-8', 'cache-control': 'no-cache'})</msg>
<msg time="2025-12-05T10:37:16.163157" level="DEBUG">Finished Request</msg>
<msg time="2025-12-05T10:37:16.163245" level="DEBUG">GET http://localhost:54533/session/095b1ab3cb52e5b0faa632c6f2eec0dc/element/f.8C43B1550222BF81E85534747060C1AD.d.3111DB5A41753393DBE24BCE53180021.e.59/name {}</msg>
<msg time="2025-12-05T10:37:16.166007" level="DEBUG">http://localhost:54533 "GET /session/095b1ab3cb52e5b0faa632c6f2eec0dc/element/f.8C43B1550222BF81E85534747060C1AD.d.3111DB5A41753393DBE24BCE53180021.e.59/name HTTP/1.1" 200 0</msg>
<msg time="2025-12-05T10:37:16.166117" level="DEBUG">Remote response: status=200 | data={"value":"input"} | headers=HTTPHeaderDict({'Content-Length': '17', 'Content-Type': 'application/json; charset=utf-8', 'cache-control': 'no-cache'})</msg>
<msg time="2025-12-05T10:37:16.166174" level="DEBUG">Finished Request</msg>
<msg time="2025-12-05T10:37:16.166292" level="DEBUG">POST http://localhost:54533/session/095b1ab3cb52e5b0faa632c6f2eec0dc/execute/sync {'script': '/* getAttribute */return (function(){return (function(){var d=this||self;function f(a,b){function c(...', 'args': [{'element-6066-11e4-a52e-4f735466cecf': 'f.8C43B1550222BF81E85534747060C1AD.d.3111DB5A41753393DBE24BCE53180021.e.59'}, 'type']}</msg>
<msg time="2025-12-05T10:37:16.169201" level="DEBUG">http://localhost:54533 "POST /session/095b1ab3cb52e5b0faa632c6f2eec0dc/execute/sync HTTP/1.1" 200 0</msg>
<msg time="2025-12-05T10:37:16.169300" level="DEBUG">Remote response: status=200 | data={"value":"checkbox"} | headers=HTTPHeaderDict({'Content-Length': '20', 'Content-Type': 'application/json; charset=utf-8', 'cache-control': 'no-cache'})</msg>
<msg time="2025-12-05T10:37:16.169353" level="DEBUG">Finished Request</msg>
<msg time="2025-12-05T10:37:16.169436" level="DEBUG">GET http://localhost:54533/session/095b1ab3cb52e5b0faa632c6f2eec0dc/element/f.8C43B1550222BF81E85534747060C1AD.d.3111DB5A41753393DBE24BCE53180021.e.59/selected {}</msg>
<msg time="2025-12-05T10:37:16.173661" level="DEBUG">http://localhost:54533 "GET /session/095b1ab3cb52e5b0faa632c6f2eec0dc/element/f.8C43B1550222BF81E85534747060C1AD.d.3111DB5A41753393DBE24BCE53180021.e.59/selected HTTP/1.1" 200 0</msg>
<msg time="2025-12-05T10:37:16.173821" level="DEBUG">Remote response: status=200 | data={"value":false} | headers=HTTPHeaderDict({'Content-Length': '15', 'Content-Type': 'application/json; charset=utf-8', 'cache-control': 'no-cache'})</msg>
<msg time="2025-12-05T10:37:16.173884" level="DEBUG">Finished Request</msg>
<msg time="2025-12-05T10:37:16.173979" level="DEBUG">POST http://localhost:54533/session/095b1ab3cb52e5b0faa632c6f2eec0dc/element/f.8C43B1550222BF81E85534747060C1AD.d.3111DB5A41753393DBE24BCE53180021.e.59/click {}</msg>
<msg time="2025-12-05T10:37:16.212658" level="DEBUG">http://localhost:54533 "POST /session/095b1ab3cb52e5b0faa632c6f2eec0dc/element/f.8C43B1550222BF81E85534747060C1AD.d.3111DB5A41753393DBE24BCE53180021.e.59/click HTTP/1.1" 200 0</msg>
<msg time="2025-12-05T10:37:16.212789" level="DEBUG">Remote response: status=200 | data={"value":null} | headers=HTTPHeaderDict({'Content-Length': '14', 'Content-Type': 'application/json; charset=utf-8', 'cache-control': 'no-cache'})</msg>
<msg time="2025-12-05T10:37:16.212853" level="DEBUG">Finished Request</msg>
<msg time="2025-12-05T10:37:16.212907" level="TRACE">Return: None</msg>
<arg>${CHECKBOX_XPATH}</arg>
<doc>Selects the checkbox identified by ``locator``.</doc>
<status status="PASS" start="2025-12-05T10:37:16.156248" elapsed="0.056709"/>
</kw>
<kw name="Click Button" owner="SeleniumLibrary">
<msg time="2025-12-05T10:37:16.213298" level="TRACE">Arguments: [ 'xpath=//*[@id="Login"]' ]</msg>
<msg time="2025-12-05T10:37:16.213373" level="INFO">Clicking button 'xpath=//*[@id="Login"]'.</msg>
<msg time="2025-12-05T10:37:16.213490" level="DEBUG">POST http://localhost:54533/session/095b1ab3cb52e5b0faa632c6f2eec0dc/elements {'using': 'xpath', 'value': '//*[@id="Login"]'}</msg>
<msg time="2025-12-05T10:37:16.218245" level="DEBUG">http://localhost:54533 "POST /session/095b1ab3cb52e5b0faa632c6f2eec0dc/elements HTTP/1.1" 200 0</msg>
<msg time="2025-12-05T10:37:16.218376" level="DEBUG">Remote response: status=200 | data={"value":[{"element-6066-11e4-a52e-4f735466cecf":"f.8C43B1550222BF81E85534747060C1AD.d.3111DB5A41753393DBE24BCE53180021.e.80"}]} | headers=HTTPHeaderDict({'Content-Length': '128', 'Content-Type': 'application/json; charset=utf-8', 'cache-control': 'no-cache'})</msg>
<msg time="2025-12-05T10:37:16.218440" level="DEBUG">Finished Request</msg>
<msg time="2025-12-05T10:37:16.218534" level="DEBUG">GET http://localhost:54533/session/095b1ab3cb52e5b0faa632c6f2eec0dc/element/f.8C43B1550222BF81E85534747060C1AD.d.3111DB5A41753393DBE24BCE53180021.e.80/name {}</msg>
<msg time="2025-12-05T10:37:16.221416" level="DEBUG">http://localhost:54533 "GET /session/095b1ab3cb52e5b0faa632c6f2eec0dc/element/f.8C43B1550222BF81E85534747060C1AD.d.3111DB5A41753393DBE24BCE53180021.e.80/name HTTP/1.1" 200 0</msg>
<msg time="2025-12-05T10:37:16.221536" level="DEBUG">Remote response: status=200 | data={"value":"input"} | headers=HTTPHeaderDict({'Content-Length': '17', 'Content-Type': 'application/json; charset=utf-8', 'cache-control': 'no-cache'})</msg>
<msg time="2025-12-05T10:37:16.221600" level="DEBUG">Finished Request</msg>
<msg time="2025-12-05T10:37:16.221692" level="DEBUG">POST http://localhost:54533/session/095b1ab3cb52e5b0faa632c6f2eec0dc/element/f.8C43B1550222BF81E85534747060C1AD.d.3111DB5A41753393DBE24BCE53180021.e.80/click {}</msg>
<msg time="2025-12-05T10:37:16.263391" level="DEBUG">http://localhost:54533 "POST /session/095b1ab3cb52e5b0faa632c6f2eec0dc/element/f.8C43B1550222BF81E85534747060C1AD.d.3111DB5A41753393DBE24BCE53180021.e.80/click HTTP/1.1" 200 0</msg>
<msg time="2025-12-05T10:37:16.263556" level="DEBUG">Remote response: status=200 | data={"value":null} | headers=HTTPHeaderDict({'Content-Length': '14', 'Content-Type': 'application/json; charset=utf-8', 'cache-control': 'no-cache'})</msg>
<msg time="2025-12-05T10:37:16.263624" level="DEBUG">Finished Request</msg>
<msg time="2025-12-05T10:37:16.263681" level="TRACE">Return: None</msg>
<arg>${LOGIN_BUTTON_XPATH}</arg>
<doc>Clicks the button identified by ``locator``.</doc>
<status status="PASS" start="2025-12-05T10:37:16.213124" elapsed="0.050600"/>
</kw>
<if>
<branch type="IF" condition="'${username}' == 'qasmart.zee@bssuniversal.com' and '${password}' == 'Bss@2025-1'">
<kw name="Pause Execution" owner="Dialogs">
<arg>🟡 Salesforce sent a verification code to Outlook. Please \nenter it manually and click "Verify" in the browser. Then \npress OK to continue.</arg>
<doc>Pauses execution until user clicks ``Ok`` button.</doc>
<status status="NOT RUN" start="2025-12-05T10:37:16.264140" elapsed="0.000033"/>
</kw>
<kw name="Wait Until Element Is Visible" owner="SeleniumLibrary">
<arg>${CRM_TEXT_VISIBLE}</arg>
<arg>10s</arg>
<doc>Waits until the element ``locator`` is visible.</doc>
<status status="NOT RUN" start="2025-12-05T10:37:16.264271" elapsed="0.000025"/>
</kw>
<status status="NOT RUN" start="2025-12-05T10:37:16.263851" elapsed="0.000480"/>
</branch>
<branch type="ELSE">
<kw name="Page Should Contain" owner="SeleniumLibrary">
<msg time="2025-12-05T10:37:16.264534" level="TRACE">Arguments: [ "Please check your username and password. If you still can't log in, contact your Salesforce administrator." ]</msg>
<msg time="2025-12-05T10:37:16.264691" level="DEBUG">POST http://localhost:54533/session/095b1ab3cb52e5b0faa632c6f2eec0dc/frame {'id': None}</msg>
<msg time="2025-12-05T10:37:16.265975" level="DEBUG">http://localhost:54533 "POST /session/095b1ab3cb52e5b0faa632c6f2eec0dc/frame HTTP/1.1" 200 0</msg>
<msg time="2025-12-05T10:37:16.266086" level="DEBUG">Remote response: status=200 | data={"value":null} | headers=HTTPHeaderDict({'Content-Length': '14', 'Content-Type': 'application/json; charset=utf-8', 'cache-control': 'no-cache'})</msg>
<msg time="2025-12-05T10:37:16.266147" level="DEBUG">Finished Request</msg>
<msg time="2025-12-05T10:37:16.266296" level="DEBUG">POST http://localhost:54533/session/095b1ab3cb52e5b0faa632c6f2eec0dc/elements {'using': 'xpath', 'value': '//*[contains(., "Please check your username and password. If you still can\'t log in, contact your Sa...'}</msg>
<msg time="2025-12-05T10:37:16.271553" level="DEBUG">http://localhost:54533 "POST /session/095b1ab3cb52e5b0faa632c6f2eec0dc/elements HTTP/1.1" 200 0</msg>
<msg time="2025-12-05T10:37:16.271691" level="DEBUG">Remote response: status=200 | data={"value":[{"element-6066-11e4-a52e-4f735466cecf":"f.8C43B1550222BF81E85534747060C1AD.d.3111DB5A41753393DBE24BCE53180021.e.83"},{"element-6066-11e4-a52e-4f735466cecf":"f.8C43B1550222BF81E85534747060C1AD.d.3111DB5A41753393DBE24BCE53180021.e.84"},{"element-6066-11e4-a52e-4f735466cecf":"f.8C43B1550222BF81E85534747060C1AD.d.3111DB5A41753393DBE24BCE53180021.e.85"},{"element-6066-11e4-a52e-4f735466cecf":"f.8C43B1550222BF81E85534747060C1AD.d.3111DB5A41753393DBE24BCE53180021.e.86"},{"element-6066-11e4-a52e-4f735466cecf":"f.8C43B1550222BF81E85534747060C1AD.d.3111DB5A41753393DBE24BCE53180021.e.87"},{"element-6066-11e4-a52e-4f735466cecf":"f.8C43B1550222BF81E85534747060C1AD.d.3111DB5A41753393DBE24BCE53180021.e.88"},{"element-6066-11e4-a52e-4f735466cecf":"f.8C43B1550222BF81E85534747060C1AD.d.3111DB5A41753393DBE24BCE53180021.e.89"},{"element-6066-11e4-a52e-4f735466cecf":"f.8C43B1550222BF81E85534747060C1AD.d.3111DB5A41753393DBE24BCE53180021.e.90"},{"element-6066-11e4-a52e-4f735466cecf":"f.8C43B1550222BF81E85534747060C1AD.d.3111DB5A41753393DBE24BCE53180021.e.56"},{"element-6066-11e4-a52e-4f735466cecf":"f.8C43B1550222BF81E85534747060C1AD.d.3111DB5A41753393DBE24BCE53180021.e.91"}]} | headers=HTTPHeaderDict({'Content-Length': '1181', 'Content-Type': 'application/json; charset=utf-8', 'cache-control': 'no-cache'})</msg>
<msg time="2025-12-05T10:37:16.271766" level="DEBUG">Finished Request</msg>
<msg time="2025-12-05T10:37:16.271824" level="INFO">Current page contains text 'Please check your username and password. If you still can't log in, contact your Salesforce administrator.'.</msg>
<msg time="2025-12-05T10:37:16.271867" level="TRACE">Return: None</msg>
<arg>Please check your username and password. If you still can't log in, contact your Salesforce administrator.</arg>
<doc>Verifies that current page contains ``text``.</doc>
<status status="PASS" start="2025-12-05T10:37:16.264449" elapsed="0.007461"/>
</kw>
<status status="PASS" start="2025-12-05T10:37:16.264371" elapsed="0.007607"/>
</branch>
<status status="PASS" start="2025-12-05T10:37:16.263821" elapsed="0.008198"/>
</if>
<msg time="2025-12-05T10:37:16.272069" level="TRACE">Return: None</msg>
<arg>username=adm</arg>
<arg>password=123</arg>
<status status="PASS" start="2025-12-05T10:37:14.057552" elapsed="2.214551"/>
</kw>
<doc>Test has only tag 'requirement: 42'.</doc>
<tag>critical</tag>
<tag>login</tag>
<tag>smoke</tag>
<status status="PASS" start="2025-12-05T10:37:14.056467" elapsed="2.215936"/>
</test>
<test id="s1-s1-s1-t3" name="Login Test Case Using Admin and admin123" line="31">
<kw name="Login Scenario">
<msg time="2025-12-05T10:37:16.275024" level="TRACE">Arguments: [ ${username}='Admin' | ${password}='admin123' ]</msg>
<kw name="Sleep" owner="BuiltIn">
<msg time="2025-12-05T10:37:16.275540" level="TRACE">Arguments: [ '2s' ]</msg>
<msg time="2025-12-05T10:37:18.276134" level="INFO">Slept 2 seconds.</msg>
<msg time="2025-12-05T10:37:18.276258" level="TRACE">Return: None</msg>
<arg>2s</arg>
<doc>Pauses the test executed for the given time.</doc>
<status status="PASS" start="2025-12-05T10:37:16.275371" elapsed="2.000933"/>
</kw>
<kw name="Input Text" owner="SeleniumLibrary">
<msg time="2025-12-05T10:37:18.276637" level="TRACE">Arguments: [ 'xpath=//*[@id="username"]' | 'Admin' ]</msg>
<msg time="2025-12-05T10:37:18.276704" level="INFO">Typing text 'Admin' into text field 'xpath=//*[@id="username"]'.</msg>
<msg time="2025-12-05T10:37:18.276822" level="DEBUG">POST http://localhost:54533/session/095b1ab3cb52e5b0faa632c6f2eec0dc/elements {'using': 'xpath', 'value': '//*[@id="username"]'}</msg>
<msg time="2025-12-05T10:37:18.285616" level="DEBUG">http://localhost:54533 "POST /session/095b1ab3cb52e5b0faa632c6f2eec0dc/elements HTTP/1.1" 200 0</msg>
<msg time="2025-12-05T10:37:18.285738" level="DEBUG">Remote response: status=200 | data={"value":[{"element-6066-11e4-a52e-4f735466cecf":"f.8C43B1550222BF81E85534747060C1AD.d.A72492990F7E17AAA90BB4FAD618F754.e.104"}]} | headers=HTTPHeaderDict({'Content-Length': '129', 'Content-Type': 'application/json; charset=utf-8', 'cache-control': 'no-cache'})</msg>
<msg time="2025-12-05T10:37:18.285795" level="DEBUG">Finished Request</msg>
<msg time="2025-12-05T10:37:18.285902" level="DEBUG">POST http://localhost:54533/session/095b1ab3cb52e5b0faa632c6f2eec0dc/element/f.8C43B1550222BF81E85534747060C1AD.d.A72492990F7E17AAA90BB4FAD618F754.e.104/clear {}</msg>
<msg time="2025-12-05T10:37:18.300345" level="DEBUG">http://localhost:54533 "POST /session/095b1ab3cb52e5b0faa632c6f2eec0dc/element/f.8C43B1550222BF81E85534747060C1AD.d.A72492990F7E17AAA90BB4FAD618F754.e.104/clear HTTP/1.1" 200 0</msg>
<msg time="2025-12-05T10:37:18.300473" level="DEBUG">Remote response: status=200 | data={"value":null} | headers=HTTPHeaderDict({'Content-Length': '14', 'Content-Type': 'application/json; charset=utf-8', 'cache-control': 'no-cache'})</msg>
<msg time="2025-12-05T10:37:18.300538" level="DEBUG">Finished Request</msg>
<msg time="2025-12-05T10:37:18.300641" level="DEBUG">POST http://localhost:54533/session/095b1ab3cb52e5b0faa632c6f2eec0dc/element/f.8C43B1550222BF81E85534747060C1AD.d.A72492990F7E17AAA90BB4FAD618F754.e.104/value {'text': 'Admin', 'value': ['A', 'd', 'm', 'i', 'n']}</msg>
<msg time="2025-12-05T10:37:18.322543" level="DEBUG">http://localhost:54533 "POST /session/095b1ab3cb52e5b0faa632c6f2eec0dc/element/f.8C43B1550222BF81E85534747060C1AD.d.A72492990F7E17AAA90BB4FAD618F754.e.104/value HTTP/1.1" 200 0</msg>
<msg time="2025-12-05T10:37:18.322668" level="DEBUG">Remote response: status=200 | data={"value":null} | headers=HTTPHeaderDict({'Content-Length': '14', 'Content-Type': 'application/json; charset=utf-8', 'cache-control': 'no-cache'})</msg>
<msg time="2025-12-05T10:37:18.322729" level="DEBUG">Finished Request</msg>
<msg time="2025-12-05T10:37:18.322782" level="TRACE">Return: None</msg>
<arg>${USERNAME_XPATH}</arg>
<arg>${username}</arg>
<doc>Types the given ``text`` into the text field identified by ``locator``.</doc>
<status status="PASS" start="2025-12-05T10:37:18.276456" elapsed="0.046371"/>
</kw>
<kw name="Input Password" owner="SeleniumLibrary">
<msg time="2025-12-05T10:37:18.323210" level="TRACE">Arguments: [ 'xpath=//*[@id="password"]' | 'admin123' ]</msg>
<msg time="2025-12-05T10:37:18.323323" level="INFO">Typing password into text field 'xpath=//*[@id="password"]'.</msg>
<msg time="2025-12-05T10:37:18.323476" level="DEBUG">POST http://localhost:54533/session/095b1ab3cb52e5b0faa632c6f2eec0dc/elements {'using': 'xpath', 'value': '//*[@id="password"]'}</msg>
<msg time="2025-12-05T10:37:18.328746" level="DEBUG">http://localhost:54533 "POST /session/095b1ab3cb52e5b0faa632c6f2eec0dc/elements HTTP/1.1" 200 0</msg>
<msg time="2025-12-05T10:37:18.328868" level="DEBUG">Remote response: status=200 | data={"value":[{"element-6066-11e4-a52e-4f735466cecf":"f.8C43B1550222BF81E85534747060C1AD.d.A72492990F7E17AAA90BB4FAD618F754.e.105"}]} | headers=HTTPHeaderDict({'Content-Length': '129', 'Content-Type': 'application/json; charset=utf-8', 'cache-control': 'no-cache'})</msg>
<msg time="2025-12-05T10:37:18.328930" level="DEBUG">Finished Request</msg>
<msg time="2025-12-05T10:37:18.329017" level="DEBUG">POST http://localhost:54533/session/095b1ab3cb52e5b0faa632c6f2eec0dc/element/f.8C43B1550222BF81E85534747060C1AD.d.A72492990F7E17AAA90BB4FAD618F754.e.105/clear {}</msg>
<msg time="2025-12-05T10:37:18.341117" level="DEBUG">http://localhost:54533 "POST /session/095b1ab3cb52e5b0faa632c6f2eec0dc/element/f.8C43B1550222BF81E85534747060C1AD.d.A72492990F7E17AAA90BB4FAD618F754.e.105/clear HTTP/1.1" 200 0</msg>
<msg time="2025-12-05T10:37:18.341254" level="DEBUG">Remote response: status=200 | data={"value":null} | headers=HTTPHeaderDict({'Content-Length': '14', 'Content-Type': 'application/json; charset=utf-8', 'cache-control': 'no-cache'})</msg>
<msg time="2025-12-05T10:37:18.341316" level="DEBUG">Finished Request</msg>
<msg time="2025-12-05T10:37:18.341501" level="INFO">Temporally setting log level to: NONE</msg>
<msg time="2025-12-05T10:37:18.367779" level="DEBUG">Log level changed from NONE to TRACE.</msg>
<msg time="2025-12-05T10:37:18.367860" level="TRACE">Return: None</msg>
<arg>${PASSWORD_XPATH}</arg>
<arg>${password}</arg>
<doc>Types the given password into the text field identified by ``locator``.</doc>
<status status="PASS" start="2025-12-05T10:37:18.322979" elapsed="0.044925"/>
</kw>
<kw name="Select Checkbox" owner="SeleniumLibrary">
<msg time="2025-12-05T10:37:18.368234" level="TRACE">Arguments: [ 'xpath=//input[@id="rememberUn"]' ]</msg>
<msg time="2025-12-05T10:37:18.368300" level="INFO">Selecting checkbox 'xpath=//input[@id="rememberUn"]'.</msg>
<msg time="2025-12-05T10:37:18.368415" level="DEBUG">POST http://localhost:54533/session/095b1ab3cb52e5b0faa632c6f2eec0dc/elements {'using': 'xpath', 'value': '//input[@id="rememberUn"]'}</msg>
<msg time="2025-12-05T10:37:18.372867" level="DEBUG">http://localhost:54533 "POST /session/095b1ab3cb52e5b0faa632c6f2eec0dc/elements HTTP/1.1" 200 0</msg>
<msg time="2025-12-05T10:37:18.373009" level="DEBUG">Remote response: status=200 | data={"value":[{"element-6066-11e4-a52e-4f735466cecf":"f.8C43B1550222BF81E85534747060C1AD.d.A72492990F7E17AAA90BB4FAD618F754.e.106"}]} | headers=HTTPHeaderDict({'Content-Length': '129', 'Content-Type': 'application/json; charset=utf-8', 'cache-control': 'no-cache'})</msg>
<msg time="2025-12-05T10:37:18.373077" level="DEBUG">Finished Request</msg>
<msg time="2025-12-05T10:37:18.373169" level="DEBUG">GET http://localhost:54533/session/095b1ab3cb52e5b0faa632c6f2eec0dc/element/f.8C43B1550222BF81E85534747060C1AD.d.A72492990F7E17AAA90BB4FAD618F754.e.106/name {}</msg>
<msg time="2025-12-05T10:37:18.376780" level="DEBUG">http://localhost:54533 "GET /session/095b1ab3cb52e5b0faa632c6f2eec0dc/element/f.8C43B1550222BF81E85534747060C1AD.d.A72492990F7E17AAA90BB4FAD618F754.e.106/name HTTP/1.1" 200 0</msg>
<msg time="2025-12-05T10:37:18.376929" level="DEBUG">Remote response: status=200 | data={"value":"input"} | headers=HTTPHeaderDict({'Content-Length': '17', 'Content-Type': 'application/json; charset=utf-8', 'cache-control': 'no-cache'})</msg>
<msg time="2025-12-05T10:37:18.377001" level="DEBUG">Finished Request</msg>
<msg time="2025-12-05T10:37:18.377197" level="DEBUG">POST http://localhost:54533/session/095b1ab3cb52e5b0faa632c6f2eec0dc/execute/sync {'script': '/* getAttribute */return (function(){return (function(){var d=this||self;function f(a,b){function c(...', 'args': [{'element-6066-11e4-a52e-4f735466cecf': 'f.8C43B1550222BF81E85534747060C1AD.d.A72492990F7E17AAA90BB4FAD618F754.e.106'}, 'type']}</msg>
<msg time="2025-12-05T10:37:18.381875" level="DEBUG">http://localhost:54533 "POST /session/095b1ab3cb52e5b0faa632c6f2eec0dc/execute/sync HTTP/1.1" 200 0</msg>
<msg time="2025-12-05T10:37:18.382050" level="DEBUG">Remote response: status=200 | data={"value":"checkbox"} | headers=HTTPHeaderDict({'Content-Length': '20', 'Content-Type': 'application/json; charset=utf-8', 'cache-control': 'no-cache'})</msg>
<msg time="2025-12-05T10:37:18.382137" level="DEBUG">Finished Request</msg>
<msg time="2025-12-05T10:37:18.382266" level="DEBUG">GET http://localhost:54533/session/095b1ab3cb52e5b0faa632c6f2eec0dc/element/f.8C43B1550222BF81E85534747060C1AD.d.A72492990F7E17AAA90BB4FAD618F754.e.106/selected {}</msg>
<msg time="2025-12-05T10:37:18.386311" level="DEBUG">http://localhost:54533 "GET /session/095b1ab3cb52e5b0faa632c6f2eec0dc/element/f.8C43B1550222BF81E85534747060C1AD.d.A72492990F7E17AAA90BB4FAD618F754.e.106/selected HTTP/1.1" 200 0</msg>
<msg time="2025-12-05T10:37:18.386444" level="DEBUG">Remote response: status=200 | data={"value":false} | headers=HTTPHeaderDict({'Content-Length': '15', 'Content-Type': 'application/json; charset=utf-8', 'cache-control': 'no-cache'})</msg>
<msg time="2025-12-05T10:37:18.386505" level="DEBUG">Finished Request</msg>
<msg time="2025-12-05T10:37:18.386595" level="DEBUG">POST http://localhost:54533/session/095b1ab3cb52e5b0faa632c6f2eec0dc/element/f.8C43B1550222BF81E85534747060C1AD.d.A72492990F7E17AAA90BB4FAD618F754.e.106/click {}</msg>
<msg time="2025-12-05T10:37:18.420459" level="DEBUG">http://localhost:54533 "POST /session/095b1ab3cb52e5b0faa632c6f2eec0dc/element/f.8C43B1550222BF81E85534747060C1AD.d.A72492990F7E17AAA90BB4FAD618F754.e.106/click HTTP/1.1" 200 0</msg>
<msg time="2025-12-05T10:37:18.420642" level="DEBUG">Remote response: status=200 | data={"value":null} | headers=HTTPHeaderDict({'Content-Length': '14', 'Content-Type': 'application/json; charset=utf-8', 'cache-control': 'no-cache'})</msg>
<msg time="2025-12-05T10:37:18.420731" level="DEBUG">Finished Request</msg>
<msg time="2025-12-05T10:37:18.420809" level="TRACE">Return: None</msg>
<arg>${CHECKBOX_XPATH}</arg>
<doc>Selects the checkbox identified by ``locator``.</doc>
<status status="PASS" start="2025-12-05T10:37:18.368072" elapsed="0.052799"/>
</kw>
<kw name="Click Button" owner="SeleniumLibrary">
<msg time="2025-12-05T10:37:18.421320" level="TRACE">Arguments: [ 'xpath=//*[@id="Login"]' ]</msg>
<msg time="2025-12-05T10:37:18.421410" level="INFO">Clicking button 'xpath=//*[@id="Login"]'.</msg>
<msg time="2025-12-05T10:37:18.421551" level="DEBUG">POST http://localhost:54533/session/095b1ab3cb52e5b0faa632c6f2eec0dc/elements {'using': 'xpath', 'value': '//*[@id="Login"]'}</msg>
<msg time="2025-12-05T10:37:18.426696" level="DEBUG">http://localhost:54533 "POST /session/095b1ab3cb52e5b0faa632c6f2eec0dc/elements HTTP/1.1" 200 0</msg>
<msg time="2025-12-05T10:37:18.426872" level="DEBUG">Remote response: status=200 | data={"value":[{"element-6066-11e4-a52e-4f735466cecf":"f.8C43B1550222BF81E85534747060C1AD.d.A72492990F7E17AAA90BB4FAD618F754.e.127"}]} | headers=HTTPHeaderDict({'Content-Length': '129', 'Content-Type': 'application/json; charset=utf-8', 'cache-control': 'no-cache'})</msg>
<msg time="2025-12-05T10:37:18.426947" level="DEBUG">Finished Request</msg>
<msg time="2025-12-05T10:37:18.427060" level="DEBUG">GET http://localhost:54533/session/095b1ab3cb52e5b0faa632c6f2eec0dc/element/f.8C43B1550222BF81E85534747060C1AD.d.A72492990F7E17AAA90BB4FAD618F754.e.127/name {}</msg>
<msg time="2025-12-05T10:37:18.431280" level="DEBUG">http://localhost:54533 "GET /session/095b1ab3cb52e5b0faa632c6f2eec0dc/element/f.8C43B1550222BF81E85534747060C1AD.d.A72492990F7E17AAA90BB4FAD618F754.e.127/name HTTP/1.1" 200 0</msg>
<msg time="2025-12-05T10:37:18.431416" level="DEBUG">Remote response: status=200 | data={"value":"input"} | headers=HTTPHeaderDict({'Content-Length': '17', 'Content-Type': 'application/json; charset=utf-8', 'cache-control': 'no-cache'})</msg>
<msg time="2025-12-05T10:37:18.431482" level="DEBUG">Finished Request</msg>
<msg time="2025-12-05T10:37:18.431601" level="DEBUG">POST http://localhost:54533/session/095b1ab3cb52e5b0faa632c6f2eec0dc/element/f.8C43B1550222BF81E85534747060C1AD.d.A72492990F7E17AAA90BB4FAD618F754.e.127/click {}</msg>
<msg time="2025-12-05T10:37:18.464819" level="DEBUG">http://localhost:54533 "POST /session/095b1ab3cb52e5b0faa632c6f2eec0dc/element/f.8C43B1550222BF81E85534747060C1AD.d.A72492990F7E17AAA90BB4FAD618F754.e.127/click HTTP/1.1" 200 0</msg>
<msg time="2025-12-05T10:37:18.464953" level="DEBUG">Remote response: status=200 | data={"value":null} | headers=HTTPHeaderDict({'Content-Length': '14', 'Content-Type': 'application/json; charset=utf-8', 'cache-control': 'no-cache'})</msg>
<msg time="2025-12-05T10:37:18.465017" level="DEBUG">Finished Request</msg>
<msg time="2025-12-05T10:37:18.465074" level="TRACE">Return: None</msg>
<arg>${LOGIN_BUTTON_XPATH}</arg>
<doc>Clicks the button identified by ``locator``.</doc>
<status status="PASS" start="2025-12-05T10:37:18.421088" elapsed="0.044045"/>
</kw>
<if>
<branch type="IF" condition="'${username}' == 'qasmart.zee@bssuniversal.com' and '${password}' == 'Bss@2025-1'">
<kw name="Pause Execution" owner="Dialogs">
<arg>🟡 Salesforce sent a verification code to Outlook. Please \nenter it manually and click "Verify" in the browser. Then \npress OK to continue.</arg>
<doc>Pauses execution until user clicks ``Ok`` button.</doc>
<status status="NOT RUN" start="2025-12-05T10:37:18.465573" elapsed="0.000031"/>
</kw>
<kw name="Wait Until Element Is Visible" owner="SeleniumLibrary">
<arg>${CRM_TEXT_VISIBLE}</arg>
<arg>10s</arg>
<doc>Waits until the element ``locator`` is visible.</doc>
<status status="NOT RUN" start="2025-12-05T10:37:18.465757" elapsed="0.000026"/>
</kw>
<status status="NOT RUN" start="2025-12-05T10:37:18.465291" elapsed="0.000528"/>
</branch>
<branch type="ELSE">
<kw name="Page Should Contain" owner="SeleniumLibrary">
<msg time="2025-12-05T10:37:18.466024" level="TRACE">Arguments: [ "Please check your username and password. If you still can't log in, contact your Salesforce administrator." ]</msg>
<msg time="2025-12-05T10:37:18.466172" level="DEBUG">POST http://localhost:54533/session/095b1ab3cb52e5b0faa632c6f2eec0dc/frame {'id': None}</msg>
<msg time="2025-12-05T10:37:18.467502" level="DEBUG">http://localhost:54533 "POST /session/095b1ab3cb52e5b0faa632c6f2eec0dc/frame HTTP/1.1" 200 0</msg>
<msg time="2025-12-05T10:37:18.467632" level="DEBUG">Remote response: status=200 | data={"value":null} | headers=HTTPHeaderDict({'Content-Length': '14', 'Content-Type': 'application/json; charset=utf-8', 'cache-control': 'no-cache'})</msg>
<msg time="2025-12-05T10:37:18.467699" level="DEBUG">Finished Request</msg>
<msg time="2025-12-05T10:37:18.467813" level="DEBUG">POST http://localhost:54533/session/095b1ab3cb52e5b0faa632c6f2eec0dc/elements {'using': 'xpath', 'value': '//*[contains(., "Please check your username and password. If you still can\'t log in, contact your Sa...'}</msg>
<msg time="2025-12-05T10:37:18.472682" level="DEBUG">http://localhost:54533 "POST /session/095b1ab3cb52e5b0faa632c6f2eec0dc/elements HTTP/1.1" 200 0</msg>
<msg time="2025-12-05T10:37:18.472816" level="DEBUG">Remote response: status=200 | data={"value":[{"element-6066-11e4-a52e-4f735466cecf":"f.8C43B1550222BF81E85534747060C1AD.d.A72492990F7E17AAA90BB4FAD618F754.e.135"},{"element-6066-11e4-a52e-4f735466cecf":"f.8C43B1550222BF81E85534747060C1AD.d.A72492990F7E17AAA90BB4FAD618F754.e.136"},{"element-6066-11e4-a52e-4f735466cecf":"f.8C43B1550222BF81E85534747060C1AD.d.A72492990F7E17AAA90BB4FAD618F754.e.137"},{"element-6066-11e4-a52e-4f735466cecf":"f.8C43B1550222BF81E85534747060C1AD.d.A72492990F7E17AAA90BB4FAD618F754.e.138"},{"element-6066-11e4-a52e-4f735466cecf":"f.8C43B1550222BF81E85534747060C1AD.d.A72492990F7E17AAA90BB4FAD618F754.e.139"},{"element-6066-11e4-a52e-4f735466cecf":"f.8C43B1550222BF81E85534747060C1AD.d.A72492990F7E17AAA90BB4FAD618F754.e.140"},{"element-6066-11e4-a52e-4f735466cecf":"f.8C43B1550222BF81E85534747060C1AD.d.A72492990F7E17AAA90BB4FAD618F754.e.141"},{"element-6066-11e4-a52e-4f735466cecf":"f.8C43B1550222BF81E85534747060C1AD.d.A72492990F7E17AAA90BB4FAD618F754.e.142"},{"element-6066-11e4-a52e-4f735466cecf":"f.8C43B1550222BF81E85534747060C1AD.d.A72492990F7E17AAA90BB4FAD618F754.e.103"},{"element-6066-11e4-a52e-4f735466cecf":"f.8C43B1550222BF81E85534747060C1AD.d.A72492990F7E17AAA90BB4FAD618F754.e.143"}]} | headers=HTTPHeaderDict({'Content-Length': '1191', 'Content-Type': 'application/json; charset=utf-8', 'cache-control': 'no-cache'})</msg>
<msg time="2025-12-05T10:37:18.472895" level="DEBUG">Finished Request</msg>
<msg time="2025-12-05T10:37:18.472950" level="INFO">Current page contains text 'Please check your username and password. If you still can't log in, contact your Salesforce administrator.'.</msg>
<msg time="2025-12-05T10:37:18.472996" level="TRACE">Return: None</msg>
<arg>Please check your username and password. If you still can't log in, contact your Salesforce administrator.</arg>
<doc>Verifies that current page contains ``text``.</doc>
<status status="PASS" start="2025-12-05T10:37:18.465940" elapsed="0.007105"/>
</kw>
<status status="PASS" start="2025-12-05T10:37:18.465860" elapsed="0.007275"/>
</branch>
<status status="PASS" start="2025-12-05T10:37:18.465256" elapsed="0.007925"/>
</if>
<msg time="2025-12-05T10:37:18.473231" level="TRACE">Return: None</msg>
<arg>username=Admin</arg>
<arg>password=admin123</arg>
<status status="PASS" start="2025-12-05T10:37:16.274647" elapsed="2.198623"/>
</kw>
<doc>Test has only tag 'requirement: 42'.</doc>
<tag>critical</tag>
<tag>login</tag>
<tag>smoke</tag>
<status status="PASS" start="2025-12-05T10:37:16.272990" elapsed="2.200624"/>
</test>
<test id="s1-s1-s1-t4" name="Login Test Case Using qasmart.zee@bssuniversal.com and Bss@2025-1" line="31">
<kw name="Login Scenario">
<msg time="2025-12-05T10:37:18.476374" level="TRACE">Arguments: [ ${username}='qasmart.zee@bssuniversal.com' | ${password}='Bss@2025-1' ]</msg>
<kw name="Sleep" owner="BuiltIn">
<msg time="2025-12-05T10:37:18.476716" level="TRACE">Arguments: [ '2s' ]</msg>
<msg time="2025-12-05T10:37:20.477097" level="INFO">Slept 2 seconds.</msg>
<msg time="2025-12-05T10:37:20.477230" level="TRACE">Return: None</msg>
<arg>2s</arg>
<doc>Pauses the test executed for the given time.</doc>
<status status="PASS" start="2025-12-05T10:37:18.476599" elapsed="2.000683"/>
</kw>
<kw name="Input Text" owner="SeleniumLibrary">
<msg time="2025-12-05T10:37:20.477783" level="TRACE">Arguments: [ 'xpath=//*[@id="username"]' | 'qasmart.zee@bssuniversal.com' ]</msg>
<msg time="2025-12-05T10:37:20.477868" level="INFO">Typing text 'qasmart.zee@bssuniversal.com' into text field 'xpath=//*[@id="username"]'.</msg>
<msg time="2025-12-05T10:37:20.478001" level="DEBUG">POST http://localhost:54533/session/095b1ab3cb52e5b0faa632c6f2eec0dc/elements {'using': 'xpath', 'value': '//*[@id="username"]'}</msg>
<msg time="2025-12-05T10:37:20.483708" level="DEBUG">http://localhost:54533 "POST /session/095b1ab3cb52e5b0faa632c6f2eec0dc/elements HTTP/1.1" 200 0</msg>
<msg time="2025-12-05T10:37:20.483838" level="DEBUG">Remote response: status=200 | data={"value":[{"element-6066-11e4-a52e-4f735466cecf":"f.8C43B1550222BF81E85534747060C1AD.d.7A05829EE1BBD7648E1C968138CA4B49.e.151"}]} | headers=HTTPHeaderDict({'Content-Length': '129', 'Content-Type': 'application/json; charset=utf-8', 'cache-control': 'no-cache'})</msg>
<msg time="2025-12-05T10:37:20.483904" level="DEBUG">Finished Request</msg>
<msg time="2025-12-05T10:37:20.483994" level="DEBUG">POST http://localhost:54533/session/095b1ab3cb52e5b0faa632c6f2eec0dc/element/f.8C43B1550222BF81E85534747060C1AD.d.7A05829EE1BBD7648E1C968138CA4B49.e.151/clear {}</msg>
<msg time="2025-12-05T10:37:20.499094" level="DEBUG">http://localhost:54533 "POST /session/095b1ab3cb52e5b0faa632c6f2eec0dc/element/f.8C43B1550222BF81E85534747060C1AD.d.7A05829EE1BBD7648E1C968138CA4B49.e.151/clear HTTP/1.1" 200 0</msg>
<msg time="2025-12-05T10:37:20.499234" level="DEBUG">Remote response: status=200 | data={"value":null} | headers=HTTPHeaderDict({'Content-Length': '14', 'Content-Type': 'application/json; charset=utf-8', 'cache-control': 'no-cache'})</msg>
<msg time="2025-12-05T10:37:20.499298" level="DEBUG">Finished Request</msg>
<msg time="2025-12-05T10:37:20.499408" level="DEBUG">POST http://localhost:54533/session/095b1ab3cb52e5b0faa632c6f2eec0dc/element/f.8C43B1550222BF81E85534747060C1AD.d.7A05829EE1BBD7648E1C968138CA4B49.e.151/value {'text': 'qasmart.zee@bssuniversal.com', 'value': ['q', 'a', 's', 'm', 'a', 'r', 't', '.', 'z', 'e', 'e', '@', 'b', 's', 's', 'u', 'n', 'i', 'v', 'e', 'r', 's', 'a', 'l', '.', 'c', 'o', 'm']}</msg>
<msg time="2025-12-05T10:37:20.536576" level="DEBUG">http://localhost:54533 "POST /session/095b1ab3cb52e5b0faa632c6f2eec0dc/element/f.8C43B1550222BF81E85534747060C1AD.d.7A05829EE1BBD7648E1C968138CA4B49.e.151/value HTTP/1.1" 200 0</msg>
<msg time="2025-12-05T10:37:20.536741" level="DEBUG">Remote response: status=200 | data={"value":null} | headers=HTTPHeaderDict({'Content-Length': '14', 'Content-Type': 'application/json; charset=utf-8', 'cache-control': 'no-cache'})</msg>
<msg time="2025-12-05T10:37:20.536814" level="DEBUG">Finished Request</msg>
<msg time="2025-12-05T10:37:20.536882" level="TRACE">Return: None</msg>
<arg>${USERNAME_XPATH}</arg>
<arg>${username}</arg>
<doc>Types the given ``text`` into the text field identified by ``locator``.</doc>
<status status="PASS" start="2025-12-05T10:37:20.477546" elapsed="0.059387"/>
</kw>
<kw name="Input Password" owner="SeleniumLibrary">
<msg time="2025-12-05T10:37:20.537401" level="TRACE">Arguments: [ 'xpath=//*[@id="password"]' | 'Bss@2025-1' ]</msg>
<msg time="2025-12-05T10:37:20.537482" level="INFO">Typing password into text field 'xpath=//*[@id="password"]'.</msg>
<msg time="2025-12-05T10:37:20.537613" level="DEBUG">POST http://localhost:54533/session/095b1ab3cb52e5b0faa632c6f2eec0dc/elements {'using': 'xpath', 'value': '//*[@id="password"]'}</msg>
<msg time="2025-12-05T10:37:20.543561" level="DEBUG">http://localhost:54533 "POST /session/095b1ab3cb52e5b0faa632c6f2eec0dc/elements HTTP/1.1" 200 0</msg>
<msg time="2025-12-05T10:37:20.543695" level="DEBUG">Remote response: status=200 | data={"value":[{"element-6066-11e4-a52e-4f735466cecf":"f.8C43B1550222BF81E85534747060C1AD.d.7A05829EE1BBD7648E1C968138CA4B49.e.152"}]} | headers=HTTPHeaderDict({'Content-Length': '129', 'Content-Type': 'application/json; charset=utf-8', 'cache-control': 'no-cache'})</msg>
<msg time="2025-12-05T10:37:20.543764" level="DEBUG">Finished Request</msg>
<msg time="2025-12-05T10:37:20.543859" level="DEBUG">POST http://localhost:54533/session/095b1ab3cb52e5b0faa632c6f2eec0dc/element/f.8C43B1550222BF81E85534747060C1AD.d.7A05829EE1BBD7648E1C968138CA4B49.e.152/clear {}</msg>
<msg time="2025-12-05T10:37:20.558076" level="DEBUG">http://localhost:54533 "POST /session/095b1ab3cb52e5b0faa632c6f2eec0dc/element/f.8C43B1550222BF81E85534747060C1AD.d.7A05829EE1BBD7648E1C968138CA4B49.e.152/clear HTTP/1.1" 200 0</msg>
<msg time="2025-12-05T10:37:20.558230" level="DEBUG">Remote response: status=200 | data={"value":null} | headers=HTTPHeaderDict({'Content-Length': '14', 'Content-Type': 'application/json; charset=utf-8', 'cache-control': 'no-cache'})</msg>
<msg time="2025-12-05T10:37:20.558299" level="DEBUG">Finished Request</msg>
<msg time="2025-12-05T10:37:20.558341" level="INFO">Temporally setting log level to: NONE</msg>
<msg time="2025-12-05T10:37:20.588050" level="DEBUG">Log level changed from NONE to TRACE.</msg>
<msg time="2025-12-05T10:37:20.588116" level="TRACE">Return: None</msg>
<arg>${PASSWORD_XPATH}</arg>
<arg>${password}</arg>
<doc>Types the given password into the text field identified by ``locator``.</doc>
<status status="PASS" start="2025-12-05T10:37:20.537179" elapsed="0.050978"/>
</kw>
<kw name="Select Checkbox" owner="SeleniumLibrary">
<msg time="2025-12-05T10:37:20.588481" level="TRACE">Arguments: [ 'xpath=//input[@id="rememberUn"]' ]</msg>
<msg time="2025-12-05T10:37:20.588545" level="INFO">Selecting checkbox 'xpath=//input[@id="rememberUn"]'.</msg>
<msg time="2025-12-05T10:37:20.588656" level="DEBUG">POST http://localhost:54533/session/095b1ab3cb52e5b0faa632c6f2eec0dc/elements {'using': 'xpath', 'value': '//input[@id="rememberUn"]'}</msg>
<msg time="2025-12-05T10:37:20.594075" level="DEBUG">http://localhost:54533 "POST /session/095b1ab3cb52e5b0faa632c6f2eec0dc/elements HTTP/1.1" 200 0</msg>
<msg time="2025-12-05T10:37:20.594248" level="DEBUG">Remote response: status=200 | data={"value":[{"element-6066-11e4-a52e-4f735466cecf":"f.8C43B1550222BF81E85534747060C1AD.d.7A05829EE1BBD7648E1C968138CA4B49.e.153"}]} | headers=HTTPHeaderDict({'Content-Length': '129', 'Content-Type': 'application/json; charset=utf-8', 'cache-control': 'no-cache'})</msg>
<msg time="2025-12-05T10:37:20.594317" level="DEBUG">Finished Request</msg>
<msg time="2025-12-05T10:37:20.594413" level="DEBUG">GET http://localhost:54533/session/095b1ab3cb52e5b0faa632c6f2eec0dc/element/f.8C43B1550222BF81E85534747060C1AD.d.7A05829EE1BBD7648E1C968138CA4B49.e.153/name {}</msg>
<msg time="2025-12-05T10:37:20.597751" level="DEBUG">http://localhost:54533 "GET /session/095b1ab3cb52e5b0faa632c6f2eec0dc/element/f.8C43B1550222BF81E85534747060C1AD.d.7A05829EE1BBD7648E1C968138CA4B49.e.153/name HTTP/1.1" 200 0</msg>
<msg time="2025-12-05T10:37:20.597873" level="DEBUG">Remote response: status=200 | data={"value":"input"} | headers=HTTPHeaderDict({'Content-Length': '17', 'Content-Type': 'application/json; charset=utf-8', 'cache-control': 'no-cache'})</msg>
<msg time="2025-12-05T10:37:20.597931" level="DEBUG">Finished Request</msg>
<msg time="2025-12-05T10:37:20.598044" level="DEBUG">POST http://localhost:54533/session/095b1ab3cb52e5b0faa632c6f2eec0dc/execute/sync {'script': '/* getAttribute */return (function(){return (function(){var d=this||self;function f(a,b){function c(...', 'args': [{'element-6066-11e4-a52e-4f735466cecf': 'f.8C43B1550222BF81E85534747060C1AD.d.7A05829EE1BBD7648E1C968138CA4B49.e.153'}, 'type']}</msg>
<msg time="2025-12-05T10:37:20.600965" level="DEBUG">http://localhost:54533 "POST /session/095b1ab3cb52e5b0faa632c6f2eec0dc/execute/sync HTTP/1.1" 200 0</msg>
<msg time="2025-12-05T10:37:20.601078" level="DEBUG">Remote response: status=200 | data={"value":"checkbox"} | headers=HTTPHeaderDict({'Content-Length': '20', 'Content-Type': 'application/json; charset=utf-8', 'cache-control': 'no-cache'})</msg>
<msg time="2025-12-05T10:37:20.601138" level="DEBUG">Finished Request</msg>
<msg time="2025-12-05T10:37:20.601221" level="DEBUG">GET http://localhost:54533/session/095b1ab3cb52e5b0faa632c6f2eec0dc/element/f.8C43B1550222BF81E85534747060C1AD.d.7A05829EE1BBD7648E1C968138CA4B49.e.153/selected {}</msg>
<msg time="2025-12-05T10:37:20.604814" level="DEBUG">http://localhost:54533 "GET /session/095b1ab3cb52e5b0faa632c6f2eec0dc/element/f.8C43B1550222BF81E85534747060C1AD.d.7A05829EE1BBD7648E1C968138CA4B49.e.153/selected HTTP/1.1" 200 0</msg>
<msg time="2025-12-05T10:37:20.604932" level="DEBUG">Remote response: status=200 | data={"value":false} | headers=HTTPHeaderDict({'Content-Length': '15', 'Content-Type': 'application/json; charset=utf-8', 'cache-control': 'no-cache'})</msg>
<msg time="2025-12-05T10:37:20.604991" level="DEBUG">Finished Request</msg>
<msg time="2025-12-05T10:37:20.605076" level="DEBUG">POST http://localhost:54533/session/095b1ab3cb52e5b0faa632c6f2eec0dc/element/f.8C43B1550222BF81E85534747060C1AD.d.7A05829EE1BBD7648E1C968138CA4B49.e.153/click {}</msg>
<msg time="2025-12-05T10:37:20.633679" level="DEBUG">http://localhost:54533 "POST /session/095b1ab3cb52e5b0faa632c6f2eec0dc/element/f.8C43B1550222BF81E85534747060C1AD.d.7A05829EE1BBD7648E1C968138CA4B49.e.153/click HTTP/1.1" 200 0</msg>
<msg time="2025-12-05T10:37:20.633808" level="DEBUG">Remote response: status=200 | data={"value":null} | headers=HTTPHeaderDict({'Content-Length': '14', 'Content-Type': 'application/json; charset=utf-8', 'cache-control': 'no-cache'})</msg>
<msg time="2025-12-05T10:37:20.633868" level="DEBUG">Finished Request</msg>
<msg time="2025-12-05T10:37:20.633919" level="TRACE">Return: None</msg>
<arg>${CHECKBOX_XPATH}</arg>
<doc>Selects the checkbox identified by ``locator``.</doc>
<status status="PASS" start="2025-12-05T10:37:20.588321" elapsed="0.045647"/>
</kw>
<kw name="Click Button" owner="SeleniumLibrary">
<msg time="2025-12-05T10:37:20.634282" level="TRACE">Arguments: [ 'xpath=//*[@id="Login"]' ]</msg>
<msg time="2025-12-05T10:37:20.634347" level="INFO">Clicking button 'xpath=//*[@id="Login"]'.</msg>
<msg time="2025-12-05T10:37:20.634451" level="DEBUG">POST http://localhost:54533/session/095b1ab3cb52e5b0faa632c6f2eec0dc/elements {'using': 'xpath', 'value': '//*[@id="Login"]'}</msg>
<msg time="2025-12-05T10:37:20.638757" level="DEBUG">http://localhost:54533 "POST /session/095b1ab3cb52e5b0faa632c6f2eec0dc/elements HTTP/1.1" 200 0</msg>
<msg time="2025-12-05T10:37:20.638900" level="DEBUG">Remote response: status=200 | data={"value":[{"element-6066-11e4-a52e-4f735466cecf":"f.8C43B1550222BF81E85534747060C1AD.d.7A05829EE1BBD7648E1C968138CA4B49.e.174"}]} | headers=HTTPHeaderDict({'Content-Length': '129', 'Content-Type': 'application/json; charset=utf-8', 'cache-control': 'no-cache'})</msg>
<msg time="2025-12-05T10:37:20.638967" level="DEBUG">Finished Request</msg>
<msg time="2025-12-05T10:37:20.639060" level="DEBUG">GET http://localhost:54533/session/095b1ab3cb52e5b0faa632c6f2eec0dc/element/f.8C43B1550222BF81E85534747060C1AD.d.7A05829EE1BBD7648E1C968138CA4B49.e.174/name {}</msg>
<msg time="2025-12-05T10:37:20.642759" level="DEBUG">http://localhost:54533 "GET /session/095b1ab3cb52e5b0faa632c6f2eec0dc/element/f.8C43B1550222BF81E85534747060C1AD.d.7A05829EE1BBD7648E1C968138CA4B49.e.174/name HTTP/1.1" 200 0</msg>
<msg time="2025-12-05T10:37:20.642891" level="DEBUG">Remote response: status=200 | data={"value":"input"} | headers=HTTPHeaderDict({'Content-Length': '17', 'Content-Type': 'application/json; charset=utf-8', 'cache-control': 'no-cache'})</msg>
<msg time="2025-12-05T10:37:20.642954" level="DEBUG">Finished Request</msg>
<msg time="2025-12-05T10:37:20.643046" level="DEBUG">POST http://localhost:54533/session/095b1ab3cb52e5b0faa632c6f2eec0dc/element/f.8C43B1550222BF81E85534747060C1AD.d.7A05829EE1BBD7648E1C968138CA4B49.e.174/click {}</msg>
<msg time="2025-12-05T10:37:20.672061" level="DEBUG">http://localhost:54533 "POST /session/095b1ab3cb52e5b0faa632c6f2eec0dc/element/f.8C43B1550222BF81E85534747060C1AD.d.7A05829EE1BBD7648E1C968138CA4B49.e.174/click HTTP/1.1" 200 0</msg>
<msg time="2025-12-05T10:37:20.672191" level="DEBUG">Remote response: status=200 | data={"value":null} | headers=HTTPHeaderDict({'Content-Length': '14', 'Content-Type': 'application/json; charset=utf-8', 'cache-control': 'no-cache'})</msg>
<msg time="2025-12-05T10:37:20.672253" level="DEBUG">Finished Request</msg>
<msg time="2025-12-05T10:37:20.672308" level="TRACE">Return: None</msg>
<arg>${LOGIN_BUTTON_XPATH}</arg>
<doc>Clicks the button identified by ``locator``.</doc>
<status status="PASS" start="2025-12-05T10:37:20.634120" elapsed="0.038231"/>
</kw>
<if>
<branch type="IF" condition="'${username}' == 'qasmart.zee@bssuniversal.com' and '${password}' == 'Bss@2025-1'">
<kw name="Pause Execution" owner="Dialogs">
<msg time="2025-12-05T10:37:20.672829" level="TRACE">Arguments: [ '🟡 Salesforce sent a verification code to Outlook. Please \nenter it manually and click "Verify" in the browser. Then \npress OK to continue.' ]</msg>
<msg time="2025-12-05T10:37:47.372136" level="TRACE">Return: None</msg>
<arg>🟡 Salesforce sent a verification code to Outlook. Please \nenter it manually and click "Verify" in the browser. Then \npress OK to continue.</arg>
<doc>Pauses execution until user clicks ``Ok`` button.</doc>
<status status="PASS" start="2025-12-05T10:37:20.672717" elapsed="26.699588"/>
</kw>
<kw name="Wait Until Element Is Visible" owner="SeleniumLibrary">
<msg time="2025-12-05T10:37:47.372825" level="TRACE">Arguments: [ "xpath=//div[contains(@class,'slds-no-print oneAppNavContainer')]//child::span[@title='CRM']" | datetime.timedelta(seconds=10) ]</msg>
<msg time="2025-12-05T10:37:47.373427" level="DEBUG">POST http://localhost:54533/session/095b1ab3cb52e5b0faa632c6f2eec0dc/elements {'using': 'xpath', 'value': "//div[contains(@class,'slds-no-print oneAppNavContainer')]//child::span[@title='CRM']"}</msg>
<msg time="2025-12-05T10:37:51.860081" level="DEBUG">http://localhost:54533 "POST /session/095b1ab3cb52e5b0faa632c6f2eec0dc/elements HTTP/1.1" 200 0</msg>
<msg time="2025-12-05T10:37:51.860219" level="DEBUG">Remote response: status=200 | data={"value":[{"element-6066-11e4-a52e-4f735466cecf":"f.8C43B1550222BF81E85534747060C1AD.d.39A62216F4C5694117E09D0D0FCF1C2D.e.76"}]} | headers=HTTPHeaderDict({'Content-Length': '128', 'Content-Type': 'application/json; charset=utf-8', 'cache-control': 'no-cache'})</msg>
<msg time="2025-12-05T10:37:51.860285" level="DEBUG">Finished Request</msg>
<msg time="2025-12-05T10:37:51.860443" level="DEBUG">POST http://localhost:54533/session/095b1ab3cb52e5b0faa632c6f2eec0dc/execute/sync {'script': '/* isDisplayed */return (function(){return (function(){var g=this||self;\nfunction aa(a){var b=typeof...', 'args': [{'element-6066-11e4-a52e-4f735466cecf': 'f.8C43B1550222BF81E85534747060C1AD.d.39A62216F4C5694117E09D0D0FCF1C2D.e.76'}]}</msg>
<msg time="2025-12-05T10:37:51.866655" level="DEBUG">http://localhost:54533 "POST /session/095b1ab3cb52e5b0faa632c6f2eec0dc/execute/sync HTTP/1.1" 200 0</msg>
<msg time="2025-12-05T10:37:51.866784" level="DEBUG">Remote response: status=200 | data={"value":true} | headers=HTTPHeaderDict({'Content-Length': '14', 'Content-Type': 'application/json; charset=utf-8', 'cache-control': 'no-cache'})</msg>
<msg time="2025-12-05T10:37:51.866847" level="DEBUG">Finished Request</msg>
<msg time="2025-12-05T10:37:51.866906" level="TRACE">Return: None</msg>
<arg>${CRM_TEXT_VISIBLE}</arg>
<arg>10s</arg>
<doc>Waits until the element ``locator`` is visible.</doc>
<status status="PASS" start="2025-12-05T10:37:47.372534" elapsed="4.494415"/>
</kw>
<status status="PASS" start="2025-12-05T10:37:20.672470" elapsed="31.194554"/>
</branch>
<branch type="ELSE">
<kw name="Page Should Contain" owner="SeleniumLibrary">
<arg>Please check your username and password. If you still can't log in, contact your Salesforce administrator.</arg>
<doc>Verifies that current page contains ``text``.</doc>
<status status="NOT RUN" start="2025-12-05T10:37:51.867217" elapsed="0.000028"/>
</kw>
<status status="NOT RUN" start="2025-12-05T10:37:51.867077" elapsed="0.000205"/>
</branch>
<status status="PASS" start="2025-12-05T10:37:20.672444" elapsed="31.194866"/>
</if>
<msg time="2025-12-05T10:37:51.867353" level="TRACE">Return: None</msg>
<arg>username=qasmart.zee@bssuniversal.com</arg>
<arg>password=Bss@2025-1</arg>
<status status="PASS" start="2025-12-05T10:37:18.476105" elapsed="33.391288"/>
</kw>
<doc>Test has only tag 'requirement: 42'.</doc>
<tag>critical</tag>
<tag>login</tag>
<tag>smoke</tag>
<status status="PASS" start="2025-12-05T10:37:18.474272" elapsed="33.393411"/>
</test>
<status status="PASS" start="2025-12-05T10:36:49.138519" elapsed="62.729747"/>
</suite>
<status status="PASS" start="2025-12-05T10:36:49.136361" elapsed="62.733259"/>
</suite>
<suite id="s1-s2" name="Brick Account Folder" source="C:\Users\Abubakar.Arshad\PycharmProjects\Demo_SmartCRM-Final\Automation\Brick_Account_Folder">
<suite id="s1-s2-s1" name="Brick" source="C:\Users\Abubakar.Arshad\PycharmProjects\Demo_SmartCRM-Final\Automation\Brick_Account_Folder\Brick.robot">
[...]
&lt;class 'str'&gt;
&lt;class 'str'&gt;</msg>
<msg time="2025-12-05T10:46:18.365073" level="TRACE">Return: None</msg>
<arg>${bu_text}</arg>
<arg>${BU_NAME}</arg>
<doc>Fails if the given objects are unequal.</doc>
<status status="PASS" start="2025-12-05T10:46:18.364887" elapsed="0.000212"/>
</kw>
<msg time="2025-12-05T10:46:18.365144" level="TRACE">Return: True</msg>
<msg time="2025-12-05T10:46:18.365195" level="INFO">${is_bu_match} = True</msg>
<var>${is_bu_match}</var>
<arg>Should Be Equal</arg>
<arg>${bu_text}</arg>
<arg>${BU_NAME}</arg>
<doc>Runs the given keyword with given arguments and returns the status as a Boolean value.</doc>
<status status="PASS" start="2025-12-05T10:46:18.364711" elapsed="0.000504"/>
</kw>
<kw name="Run Keyword And Return Status" owner="BuiltIn">
<msg time="2025-12-05T10:46:18.365350" level="TRACE">Arguments: [ 'Should Be Equal' | '${month_text}' | '${TARGET_KPI_MONTH_NAME}' ]</msg>
<kw name="Should Be Equal" owner="BuiltIn">
<msg time="2025-12-05T10:46:18.365532" level="TRACE">Arguments: [ 'October' | 'October' ]</msg>
<msg time="2025-12-05T10:46:18.365614" level="DEBUG">Argument types are:
&lt;class 'str'&gt;
&lt;class 'str'&gt;</msg>
<msg time="2025-12-05T10:46:18.365661" level="TRACE">Return: None</msg>
<arg>${month_text}</arg>
<arg>${TARGET_KPI_MONTH_NAME}</arg>
<doc>Fails if the given objects are unequal.</doc>
<status status="PASS" start="2025-12-05T10:46:18.365441" elapsed="0.000254"/>
</kw>
<msg time="2025-12-05T10:46:18.365748" level="TRACE">Return: True</msg>
<msg time="2025-12-05T10:46:18.365808" level="INFO">${is_month_match} = True</msg>
<var>${is_month_match}</var>
<arg>Should Be Equal</arg>
<arg>${month_text}</arg>
<arg>${TARGET_KPI_MONTH_NAME}</arg>
<doc>Runs the given keyword with given arguments and returns the status as a Boolean value.</doc>
<status status="PASS" start="2025-12-05T10:46:18.365312" elapsed="0.000518"/>
</kw>
<kw name="Run Keyword And Return Status" owner="BuiltIn">
<msg time="2025-12-05T10:46:18.366055" level="TRACE">Arguments: [ 'Should Be Equal' | '${year_text}' | '${TARGET_KPI_YEAR_NAME}' ]</msg>
<kw name="Should Be Equal" owner="BuiltIn">
<msg time="2025-12-05T10:46:18.366270" level="TRACE">Arguments: [ '2025' | '2025' ]</msg>
<msg time="2025-12-05T10:46:18.366319" level="DEBUG">Argument types are:
&lt;class 'str'&gt;
&lt;class 'str'&gt;</msg>
<msg time="2025-12-05T10:46:18.366349" level="TRACE">Return: None</msg>
<arg>${year_text}</arg>
<arg>${TARGET_KPI_YEAR_NAME}</arg>
<doc>Fails if the given objects are unequal.</doc>
<status status="PASS" start="2025-12-05T10:46:18.366163" elapsed="0.000213"/>
</kw>
<msg time="2025-12-05T10:46:18.366422" level="TRACE">Return: True</msg>
<msg time="2025-12-05T10:46:18.366470" level="INFO">${is_year_match} = True</msg>
<var>${is_year_match}</var>
<arg>Should Be Equal</arg>
<arg>${year_text}</arg>
<arg>${TARGET_KPI_YEAR_NAME}</arg>
<doc>Runs the given keyword with given arguments and returns the status as a Boolean value.</doc>
<status status="PASS" start="2025-12-05T10:46:18.365986" elapsed="0.000504"/>
</kw>
<kw name="Evaluate" owner="BuiltIn">
<msg time="2025-12-05T10:46:18.366688" level="TRACE">Arguments: [ 'True and True and True' ]</msg>
<msg time="2025-12-05T10:46:18.366782" level="TRACE">Return: True</msg>
<msg time="2025-12-05T10:46:18.366832" level="INFO">${match_found} = True</msg>
<var>${match_found}</var>
<arg>${is_bu_match} and ${is_month_match} and ${is_year_match}</arg>
<doc>Evaluates the given expression in Python and returns the result.</doc>
<status status="PASS" start="2025-12-05T10:46:18.366583" elapsed="0.000269"/>
</kw>
<kw name="Exit For Loop If" owner="BuiltIn">
<msg time="2025-12-05T10:46:18.367002" level="TRACE">Arguments: [ True ]</msg>
<msg time="2025-12-05T10:46:18.367042" level="INFO">Exiting for loop altogether.</msg>
<arg>${match_found}</arg>
<doc>Stops executing the enclosing FOR loop if the ``condition`` is true.</doc>
<status status="PASS" start="2025-12-05T10:46:18.366940" elapsed="0.000154"/>
</kw>
<var name="${index}">1</var>
<status status="PASS" start="2025-12-05T10:46:18.245828" elapsed="0.121304"/>
</iter>
<var>${index}</var>
<value>1</value>
<value>${target_kpi_rows + 1}</value>
<status status="PASS" start="2025-12-05T10:46:18.244834" elapsed="0.122345"/>
</for>
<status status="PASS" start="2025-12-05T10:46:18.244702" elapsed="0.122527"/>
</branch>
<status status="PASS" start="2025-12-05T10:46:18.244681" elapsed="0.122584"/>
</if>
<if>
<branch type="IF" condition="not ${match_found}">
<kw name="Wait Until Element Is Visible" owner="SeleniumLibrary">
<arg>${TARGET_KPI_NEW_BUTTON_XPATH}</arg>
<arg>10s</arg>
<doc>Waits until the element ``locator`` is visible.</doc>
<status status="NOT RUN" start="2025-12-05T10:46:18.367466" elapsed="0.000022"/>
</kw>
<kw name="Click Element" owner="SeleniumLibrary">
<arg>${TARGET_KPI_NEW_BUTTON_XPATH}</arg>
<doc>Click the element identified by ``locator``.</doc>
<status status="NOT RUN" start="2025-12-05T10:46:18.367575" elapsed="0.000020"/>
</kw>
<kw name="Wait Until Page Contains" owner="SeleniumLibrary">
<arg>${TARGET_KPI_NEW_PAGE_XPATH}</arg>
<arg>10s</arg>
<doc>Waits until ``text`` appears on the current page.</doc>
<status status="NOT RUN" start="2025-12-05T10:46:18.367672" elapsed="0.000022"/>
</kw>
<kw name="Input Text" owner="SeleniumLibrary">
<arg>${TARGET_KPI_BU_XPATH}</arg>
<arg>${BU_NAME}</arg>
<doc>Types the given ``text`` into the text field identified by ``locator``.</doc>
<status status="NOT RUN" start="2025-12-05T10:46:18.367771" elapsed="0.000019"/>
</kw>
<kw name="Wait Until Element Is Visible" owner="SeleniumLibrary">
<arg>${TARGET_KPI_BU_DROWNDOWN_OPTIONS_XPATH}</arg>
<arg>10s</arg>
<doc>Waits until the element ``locator`` is visible.</doc>
<status status="NOT RUN" start="2025-12-05T10:46:18.367866" elapsed="0.000019"/>
</kw>
<kw name="Click Element" owner="SeleniumLibrary">
<arg>${TARGET_KPI_BU_OPTION_XPATH}</arg>
<doc>Click the element identified by ``locator``.</doc>
<status status="NOT RUN" start="2025-12-05T10:46:18.367959" elapsed="0.000018"/>
</kw>
<kw name="Input Text" owner="SeleniumLibrary">
<arg>${TARGET_COVERAGE_XPATH}</arg>
<arg>80</arg>
<doc>Types the given ``text`` into the text field identified by ``locator``.</doc>
<status status="NOT RUN" start="2025-12-05T10:46:18.368045" elapsed="0.000019"/>
</kw>
<kw name="Input Text" owner="SeleniumLibrary">
<arg>${TARGET_CALL_RATE_XPATH}</arg>
<arg>80</arg>
<doc>Types the given ``text`` into the text field identified by ``locator``.</doc>
<status status="NOT RUN" start="2025-12-05T10:46:18.368132" elapsed="0.000019"/>
</kw>
<kw name="Input Text" owner="SeleniumLibrary">
<arg>${LIMIT_PER_CALL_XPATH}</arg>
<arg>4</arg>
<doc>Types the given ``text`` into the text field identified by ``locator``.</doc>
<status status="NOT RUN" start="2025-12-05T10:46:18.368219" elapsed="0.000019"/>
</kw>
<kw name="Input Text" owner="SeleniumLibrary">
<arg>${LIMIT_PER_YEAR_XPATH}</arg>
<arg>200</arg>
<doc>Types the given ``text`` into the text field identified by ``locator``.</doc>
<status status="NOT RUN" start="2025-12-05T10:46:18.368319" elapsed="0.000019"/>
</kw>
<kw name="Input Text" owner="SeleniumLibrary">
<arg>${TARGET_FREQUENCY_XPATH}</arg>
<arg>80</arg>
<doc>Types the given ``text`` into the text field identified by ``locator``.</doc>
<status status="NOT RUN" start="2025-12-05T10:46:18.368403" elapsed="0.000059"/>
</kw>
<kw name="Scroll Element Into View" owner="SeleniumLibrary">
<arg>${SCROLL_CREATED_BY_XPATH}</arg>
<doc>Scrolls the element identified by ``locator`` into view.</doc>
<status status="NOT RUN" start="2025-12-05T10:46:18.368535" elapsed="0.000018"/>
</kw>
<kw name="Click Button" owner="SeleniumLibrary">
<arg>${MONTH_DROPDOWN_XPATH}</arg>
<doc>Clicks the button identified by ``locator``.</doc>
<status status="NOT RUN" start="2025-12-05T10:46:18.368617" elapsed="0.000017"/>
</kw>
<kw name="Click Element" owner="SeleniumLibrary">
<arg>${MONTH_OPTION_XPATH}</arg>
<doc>Click the element identified by ``locator``.</doc>
<status status="NOT RUN" start="2025-12-05T10:46:18.368697" elapsed="0.000016"/>
</kw>
<kw name="Wait Until Element Is Visible" owner="SeleniumLibrary">
<arg>${TARGET_KPI_COUNTRY_DROPDOWN_XPATH}</arg>
<arg>10s</arg>
<doc>Waits until the element ``locator`` is visible.</doc>
<status status="NOT RUN" start="2025-12-05T10:46:18.368778" elapsed="0.000017"/>
</kw>
<kw name="Click Button" owner="SeleniumLibrary">
<arg>${TARGET_KPI_COUNTRY_DROPDOWN_XPATH}</arg>
<doc>Clicks the button identified by ``locator``.</doc>
<status status="NOT RUN" start="2025-12-05T10:46:18.368863" elapsed="0.000019"/>
</kw>
<kw name="Click Element" owner="SeleniumLibrary">
<arg>${TARGET_KPI_COUNTRY_OPTION_XPATH}</arg>
<doc>Click the element identified by ``locator``.</doc>
<status status="NOT RUN" start="2025-12-05T10:46:18.368950" elapsed="0.000025"/>
</kw>
<kw name="Click Button" owner="SeleniumLibrary">
<arg>${YEAR_DROPDOWN_XPATH}</arg>
<doc>Clicks the button identified by ``locator``.</doc>
<status status="NOT RUN" start="2025-12-05T10:46:18.369034" elapsed="0.000017"/>
</kw>
<kw name="Click Element" owner="SeleniumLibrary">
<arg>${YEAR_OPTION_XPATH}</arg>
<doc>Click the element identified by ``locator``.</doc>
<status status="NOT RUN" start="2025-12-05T10:46:18.369113" elapsed="0.000016"/>
</kw>
<kw name="Click Element" owner="SeleniumLibrary">
<arg>${SAVE_BUTTON_XPATH}</arg>
<doc>Click the element identified by ``locator``.</doc>
<status status="NOT RUN" start="2025-12-05T10:46:18.369190" elapsed="0.000016"/>
</kw>
<status status="NOT RUN" start="2025-12-05T10:46:18.367321" elapsed="0.001910"/>
</branch>
<branch type="ELSE">
<kw name="Log" owner="BuiltIn">
<msg time="2025-12-05T10:46:18.369380" level="TRACE">Arguments: [ 'Matching Target KPI already exists. Skipping creation.' ]</msg>
<msg time="2025-12-05T10:46:18.369424" level="INFO">Matching Target KPI already exists. Skipping creation.</msg>
<msg time="2025-12-05T10:46:18.369448" level="TRACE">Return: None</msg>
<arg>Matching Target KPI already exists. Skipping creation.</arg>
<doc>Logs the given message with the given level.</doc>
<status status="PASS" start="2025-12-05T10:46:18.369332" elapsed="0.000140"/>
</kw>
<status status="PASS" start="2025-12-05T10:46:18.369264" elapsed="0.000237"/>
</branch>
<status status="PASS" start="2025-12-05T10:46:18.367305" elapsed="0.002221"/>
</if>
<msg time="2025-12-05T10:46:18.369557" level="TRACE">Return: None</msg>
<status status="PASS" start="2025-12-05T10:46:08.208749" elapsed="10.160832"/>
</kw>
<doc>Test has only tag 'requirement: 42'.</doc>
<tag>smoke</tag>
<status status="PASS" start="2025-12-05T10:45:58.184325" elapsed="20.185494"/>
</test>
<status status="PASS" start="2025-12-05T10:45:58.170092" elapsed="20.200554"/>
</suite>
<status status="PASS" start="2025-12-05T10:45:58.168389" elapsed="20.203439"/>
</suite>
<status status="PASS" start="2025-12-05T10:36:49.105890" elapsed="569.267011"/>
</suite>
<statistics>
<total>
<stat pass="17" fail="0" skip="0">All Tests</stat>
</total>
<tag>
<stat pass="4" fail="0" skip="0">critical</stat>
<stat pass="4" fail="0" skip="0">login</stat>
<stat pass="15" fail="0" skip="0">smoke</stat>
</tag>
<suite>
<stat name="Login Folder &amp; Brick Account Folder &amp; Hospital Account Folder &amp; Contact Folder &amp; Business Unit Folder &amp; User Business Unit Folder &amp; Contact Business Unit Folder &amp; Marketing Cycle Folder &amp; Marketing Cycle Detail Folder &amp; Target KPI Folder" id="s1" pass="17" fail="0" skip="0">Login Folder &amp; Brick Account Folder &amp; Hospital Account Folder &amp; Contact Folder &amp; Business Unit Folder &amp; User Business Unit Folder &amp; Contact Business Unit Folder &amp; Marketing Cycle Folder &amp; Marketing Cycle Detail Folder &amp; Target KPI Folder</stat>
<stat name="Login Folder" id="s1-s1" pass="4" fail="0" skip="0">Login Folder &amp; Brick Account Folder &amp; Hospital Account Folder &amp; Contact Folder &amp; Business Unit Folder &amp; User Business Unit Folder &amp; Contact Business Unit Folder &amp; Marketing Cycle Folder &amp; Marketing Cycle Detail Folder &amp; Target KPI Folder.Login Folder</stat>
<stat name="Login" id="s1-s1-s1" pass="4" fail="0" skip="0">Login Folder &amp; Brick Account Folder &amp; Hospital Account Folder &amp; Contact Folder &amp; Business Unit Folder &amp; User Business Unit Folder &amp; Contact Business Unit Folder &amp; Marketing Cycle Folder &amp; Marketing Cycle Detail Folder &amp; Target KPI Folder.Login Folder.Login</stat>
<stat name="Brick Account Folder" id="s1-s2" pass="2" fail="0" skip="0">Login Folder &amp; Brick Account Folder &amp; Hospital Account Folder &amp; Contact Folder &amp; Business Unit Folder &amp; User Business Unit Folder &amp; Contact Business Unit Folder &amp; Marketing Cycle Folder &amp; Marketing Cycle Detail Folder &amp; Target KPI Folder.Brick Account Folder</stat>
<stat name="Brick" id="s1-s2-s1" pass="2" fail="0" skip="0">Login Folder &amp; Brick Account Folder &amp; Hospital Account Folder &amp; Contact Folder &amp; Business Unit Folder &amp; User Business Unit Folder &amp; Contact Business Unit Folder &amp; Marketing Cycle Folder &amp; Marketing Cycle Detail Folder &amp; Target KPI Folder.Brick Account Folder.Brick</stat>
<stat name="Hospital Account Folder" id="s1-s3" pass="2" fail="0" skip="0">Login Folder &amp; Brick Account Folder &amp; Hospital Account Folder &amp; Contact Folder &amp; Business Unit Folder &amp; User Business Unit Folder &amp; Contact Business Unit Folder &amp; Marketing Cycle Folder &amp; Marketing Cycle Detail Folder &amp; Target KPI Folder.Hospital Account Folder</stat>
<stat name="Hospital" id="s1-s3-s1" pass="2" fail="0" skip="0">Login Folder &amp; Brick Account Folder &amp; Hospital Account Folder &amp; Contact Folder &amp; Business Unit Folder &amp; User Business Unit Folder &amp; Contact Business Unit Folder &amp; Marketing Cycle Folder &amp; Marketing Cycle Detail Folder &amp; Target KPI Folder.Hospital Account Folder.Hospital</stat>
<stat name="Contact Folder" id="s1-s4" pass="2" fail="0" skip="0">Login Folder &amp; Brick Account Folder &amp; Hospital Account Folder &amp; Contact Folder &amp; Business Unit Folder &amp; User Business Unit Folder &amp; Contact Business Unit Folder &amp; Marketing Cycle Folder &amp; Marketing Cycle Detail Folder &amp; Target KPI Folder.Contact Folder</stat>
<stat name="Medical Contact" id="s1-s4-s1" pass="2" fail="0" skip="0">Login Folder &amp; Brick Account Folder &amp; Hospital Account Folder &amp; Contact Folder &amp; Business Unit Folder &amp; User Business Unit Folder &amp; Contact Business Unit Folder &amp; Marketing Cycle Folder &amp; Marketing Cycle Detail Folder &amp; Target KPI Folder.Contact Folder.Medical Contact</stat>
<stat name="Business Unit Folder" id="s1-s5" pass="1" fail="0" skip="0">Login Folder &amp; Brick Account Folder &amp; Hospital Account Folder &amp; Contact Folder &amp; Business Unit Folder &amp; User Business Unit Folder &amp; Contact Business Unit Folder &amp; Marketing Cycle Folder &amp; Marketing Cycle Detail Folder &amp; Target KPI Folder.Business Unit Folder</stat>
<stat name="Business Unit" id="s1-s5-s1" pass="1" fail="0" skip="0">Login Folder &amp; Brick Account Folder &amp; Hospital Account Folder &amp; Contact Folder &amp; Business Unit Folder &amp; User Business Unit Folder &amp; Contact Business Unit Folder &amp; Marketing Cycle Folder &amp; Marketing Cycle Detail Folder &amp; Target KPI Folder.Business Unit Folder.Business Unit</stat>
<stat name="User Business Unit Folder" id="s1-s6" pass="1" fail="0" skip="0">Login Folder &amp; Brick Account Folder &amp; Hospital Account Folder &amp; Contact Folder &amp; Business Unit Folder &amp; User Business Unit Folder &amp; Contact Business Unit Folder &amp; Marketing Cycle Folder &amp; Marketing Cycle Detail Folder &amp; Target KPI Folder.User Business Unit Folder</stat>
<stat name="User Business Unit" id="s1-s6-s1" pass="1" fail="0" skip="0">Login Folder &amp; Brick Account Folder &amp; Hospital Account Folder &amp; Contact Folder &amp; Business Unit Folder &amp; User Business Unit Folder &amp; Contact Business Unit Folder &amp; Marketing Cycle Folder &amp; Marketing Cycle Detail Folder &amp; Target KPI Folder.User Business Unit Folder.User Business Unit</stat>
<stat name="Contact Business Unit Folder" id="s1-s7" pass="2" fail="0" skip="0">Login Folder &amp; Brick Account Folder &amp; Hospital Account Folder &amp; Contact Folder &amp; Business Unit Folder &amp; User Business Unit Folder &amp; Contact Business Unit Folder &amp; Marketing Cycle Folder &amp; Marketing Cycle Detail Folder &amp; Target KPI Folder.Contact Business Unit Folder</stat>
<stat name="Contact Business Unit" id="s1-s7-s1" pass="2" fail="0" skip="0">Login Folder &amp; Brick Account Folder &amp; Hospital Account Folder &amp; Contact Folder &amp; Business Unit Folder &amp; User Business Unit Folder &amp; Contact Business Unit Folder &amp; Marketing Cycle Folder &amp; Marketing Cycle Detail Folder &amp; Target KPI Folder.Contact Business Unit Folder.Contact Business Unit</stat>
<stat name="Marketing Cycle Folder" id="s1-s8" pass="1" fail="0" skip="0">Login Folder &amp; Brick Account Folder &amp; Hospital Account Folder &amp; Contact Folder &amp; Business Unit Folder &amp; User Business Unit Folder &amp; Contact Business Unit Folder &amp; Marketing Cycle Folder &amp; Marketing Cycle Detail Folder &amp; Target KPI Folder.Marketing Cycle Folder</stat>
<stat name="Marketing Cycle" id="s1-s8-s1" pass="1" fail="0" skip="0">Login Folder &amp; Brick Account Folder &amp; Hospital Account Folder &amp; Contact Folder &amp; Business Unit Folder &amp; User Business Unit Folder &amp; Contact Business Unit Folder &amp; Marketing Cycle Folder &amp; Marketing Cycle Detail Folder &amp; Target KPI Folder.Marketing Cycle Folder.Marketing Cycle</stat>
<stat name="Marketing Cycle Detail Folder" id="s1-s9" pass="1" fail="0" skip="0">Login Folder &amp; Brick Account Folder &amp; Hospital Account Folder &amp; Contact Folder &amp; Business Unit Folder &amp; User Business Unit Folder &amp; Contact Business Unit Folder &amp; Marketing Cycle Folder &amp; Marketing Cycle Detail Folder &amp; Target KPI Folder.Marketing Cycle Detail Folder</stat>
<stat name="Marketing Cycle Detail" id="s1-s9-s1" pass="1" fail="0" skip="0">Login Folder &amp; Brick Account Folder &amp; Hospital Account Folder &amp; Contact Folder &amp; Business Unit Folder &amp; User Business Unit Folder &amp; Contact Business Unit Folder &amp; Marketing Cycle Folder &amp; Marketing Cycle Detail Folder &amp; Target KPI Folder.Marketing Cycle Detail Folder.Marketing Cycle Detail</stat>
<stat name="Target KPI Folder" id="s1-s10" pass="1" fail="0" skip="0">Login Folder &amp; Brick Account Folder &amp; Hospital Account Folder &amp; Contact Folder &amp; Business Unit Folder &amp; User Business Unit Folder &amp; Contact Business Unit Folder &amp; Marketing Cycle Folder &amp; Marketing Cycle Detail Folder &amp; Target KPI Folder.Target KPI Folder</stat>
<stat name="Target KPI" id="s1-s10-s1" pass="1" fail="0" skip="0">Login Folder &amp; Brick Account Folder &amp; Hospital Account Folder &amp; Contact Folder &amp; Business Unit Folder &amp; User Business Unit Folder &amp; Contact Business Unit Folder &amp; Marketing Cycle Folder &amp; Marketing Cycle Detail Folder &amp; Target KPI Folder.Target KPI Folder.Target KPI</stat>
</suite>
</statistics>
<errors>
<msg time="2025-12-05T10:44:20.667719" level="WARN">Multiple tests with name 'Create Contact Business Unit Test Case' executed in suite 'Login Folder &amp; Brick Account Folder &amp; Hospital Account Folder &amp; Contact Folder &amp; Business Unit Folder &amp; User Business Unit Folder &amp; Contact Business Unit Folder &amp; Marketing Cycle Folder &amp; Marketing Cycle Detail Folder &amp; Target KPI Folder.Contact Business Unit Folder.Contact Business Unit'.</msg>
</errors>
</robot>
