<?xml version="1.0" encoding="UTF-8"?>
<robot generator="Robot 7.4.1 (Python 3.14.0 on win32)" generated="2026-01-12T17:14:23.317265" rpa="false" schemaversion="5">
<suite id="s1" name="Demo_SmartCRM-Final">
<suite id="s1-s1" name="Login Folder" source="C:\Users\Ahmad.Raza\PycharmProjects\Demo_SmartCRM-Final\Automation\Login_Folder">
<suite id="s1-s1-s1" name="Login" source="C:\Users\Ahmad.Raza\PycharmProjects\Demo_SmartCRM-Final\Automation\Login_Folder\Login.robot">
<kw name="Open My Browser" owner="Login" type="SETUP">
<kw name="Open Browser" owner="SeleniumLibrary">
<msg time="2026-01-12T17:14:28.054080" level="INFO">Opening browser 'Chrome' to base url 'https://raptorsconsulting--qasmartcrm.sandbox.lightning.force.com/'.</msg>
<msg time="2026-01-12T17:14:28.825085" level="WARN">The chromedriver version (142.0.7444.162) detected in PATH at C:\Program Files\WebDriver\chromedriver.exe might not be compatible with the detected chrome version (143.0.7499.170); currently, chromedriver 143.0.7499.192 is recommended for chrome 143.*, so it is advised to delete the driver in PATH and retry</msg>
<arg>https://raptorsconsulting--qasmartcrm.sandbox.lightning.force.com/</arg>
<arg>Chrome</arg>
<arg>options=add_experimental_option("detach", True)</arg>
<doc>Opens a new browser instance to the optional ``url``.</doc>
<status status="PASS" start="2026-01-12T17:14:28.053843" elapsed="8.241341"/>
</kw>
<kw name="Maximize Browser Window" owner="SeleniumLibrary">
<doc>Maximizes current browser window.</doc>
<status status="PASS" start="2026-01-12T17:14:36.295768" elapsed="0.033232"/>
</kw>
<status status="PASS" start="2026-01-12T17:14:28.052396" elapsed="8.276752"/>
</kw>
<test id="s1-s1-s1-t1" name="Login Test Case Using Invalid username and password -- Admin and 123" line="31">
<kw name="Login Scenario">
<kw name="Sleep" owner="BuiltIn">
<msg time="2026-01-12T17:14:38.333018" level="INFO">Slept 2 seconds.</msg>
<arg>2s</arg>
<doc>Pauses the test executed for the given time.</doc>
<status status="PASS" start="2026-01-12T17:14:36.331167" elapsed="2.001959"/>
</kw>
<kw name="Input Text" owner="SeleniumLibrary">
<msg time="2026-01-12T17:14:38.333694" level="INFO">Typing text 'Admin' into text field 'xpath=//*[@id="username"]'.</msg>
<arg>${USERNAME_XPATH}</arg>
<arg>${username}</arg>
<doc>Types the given ``text`` into the text field identified by ``locator``.</doc>
<status status="PASS" start="2026-01-12T17:14:38.333275" elapsed="0.198647"/>
</kw>
<kw name="Input Password" owner="SeleniumLibrary">
<msg time="2026-01-12T17:14:38.534547" level="INFO">Typing password into text field 'xpath=//*[@id="password"]'.</msg>
<msg time="2026-01-12T17:14:38.562005" level="INFO">Temporally setting log level to: NONE</msg>
<arg>${PASSWORD_XPATH}</arg>
<arg>${password}</arg>
<doc>Types the given password into the text field identified by ``locator``.</doc>
<status status="PASS" start="2026-01-12T17:14:38.532835" elapsed="0.074113"/>
</kw>
<kw name="Select Checkbox" owner="SeleniumLibrary">
<msg time="2026-01-12T17:14:38.607304" level="INFO">Selecting checkbox 'xpath=//input[@id="rememberUn"]'.</msg>
<arg>${CHECKBOX_XPATH}</arg>
<doc>Selects the checkbox identified by ``locator``.</doc>
<status status="PASS" start="2026-01-12T17:14:38.607114" elapsed="1.009303"/>
</kw>
<kw name="Click Button" owner="SeleniumLibrary">
<msg time="2026-01-12T17:14:39.616799" level="INFO">Clicking button 'xpath=//*[@id="Login"]'.</msg>
<arg>${LOGIN_BUTTON_XPATH}</arg>
<doc>Clicks the button identified by ``locator``.</doc>
<status status="PASS" start="2026-01-12T17:14:39.616590" elapsed="0.070394"/>
</kw>
<if>
<branch type="IF" condition="'${username}' == 'qasmart.zee@bssuniversal.com' and '${password}' == 'Bss@2025-1'">
<kw name="Pause Execution" owner="Dialogs">
<arg>🟡 Salesforce sent a verification code to Outlook. Please \nenter it manually and click "Verify" in the browser. Then \npress OK to continue.</arg>
<doc>Pauses execution until user clicks ``Ok`` button.</doc>
<status status="NOT RUN" start="2026-01-12T17:14:39.687460" elapsed="0.000032"/>
</kw>
<kw name="Wait Until Element Is Visible" owner="SeleniumLibrary">
<arg>${CRM_TEXT_VISIBLE}</arg>
<arg>10s</arg>
<doc>Waits until the element ``locator`` is visible.</doc>
<status status="NOT RUN" start="2026-01-12T17:14:39.691792" elapsed="0.000056"/>
</kw>
<status status="NOT RUN" start="2026-01-12T17:14:39.687144" elapsed="0.004751"/>
</branch>
<branch type="ELSE">
<kw name="Page Should Contain" owner="SeleniumLibrary">
<msg time="2026-01-12T17:14:40.147146" level="INFO">Current page contains text 'Please check your username and password. If you still can't log in, contact your Salesforce administrator.'.</msg>
<arg>Please check your username and password. If you still can't log in, contact your Salesforce administrator.</arg>
<doc>Verifies that current page contains ``text``.</doc>
<status status="PASS" start="2026-01-12T17:14:39.692070" elapsed="0.455175"/>
</kw>
<status status="PASS" start="2026-01-12T17:14:39.691965" elapsed="0.455355"/>
</branch>
<status status="PASS" start="2026-01-12T17:14:39.687107" elapsed="0.460259"/>
</if>
<arg>username=Admin</arg>
<arg>password=123</arg>
<status status="PASS" start="2026-01-12T17:14:36.330885" elapsed="3.816553"/>
</kw>
<doc>Verify the Login Functionality with ${Status} username and password.</doc>
<tag>critical</tag>
<tag>login</tag>
<tag>smoke</tag>
<status status="PASS" start="2026-01-12T17:14:36.329667" elapsed="3.818058"/>
</test>
<test id="s1-s1-s1-t2" name="Login Test Case Using Invalid username and password -- adm and 123" line="31">
<kw name="Login Scenario">
<kw name="Sleep" owner="BuiltIn">
<msg time="2026-01-12T17:14:42.152244" level="INFO">Slept 2 seconds.</msg>
<arg>2s</arg>
<doc>Pauses the test executed for the given time.</doc>
<status status="PASS" start="2026-01-12T17:14:40.151638" elapsed="2.000719"/>
</kw>
<kw name="Input Text" owner="SeleniumLibrary">
<msg time="2026-01-12T17:14:42.152732" level="INFO">Typing text 'adm' into text field 'xpath=//*[@id="username"]'.</msg>
<arg>${USERNAME_XPATH}</arg>
<arg>${username}</arg>
<doc>Types the given ``text`` into the text field identified by ``locator``.</doc>
<status status="PASS" start="2026-01-12T17:14:42.152511" elapsed="0.046720"/>
</kw>
<kw name="Input Password" owner="SeleniumLibrary">
<msg time="2026-01-12T17:14:42.201081" level="INFO">Typing password into text field 'xpath=//*[@id="password"]'.</msg>
<msg time="2026-01-12T17:14:42.263571" level="INFO">Temporally setting log level to: NONE</msg>
<arg>${PASSWORD_XPATH}</arg>
<arg>${password}</arg>
<doc>Types the given password into the text field identified by ``locator``.</doc>
<status status="PASS" start="2026-01-12T17:14:42.199701" elapsed="0.097567"/>
</kw>
<kw name="Select Checkbox" owner="SeleniumLibrary">
<msg time="2026-01-12T17:14:42.297639" level="INFO">Selecting checkbox 'xpath=//input[@id="rememberUn"]'.</msg>
<arg>${CHECKBOX_XPATH}</arg>
<doc>Selects the checkbox identified by ``locator``.</doc>
<status status="PASS" start="2026-01-12T17:14:42.297437" elapsed="0.053535"/>
</kw>
<kw name="Click Button" owner="SeleniumLibrary">
<msg time="2026-01-12T17:14:42.351362" level="INFO">Clicking button 'xpath=//*[@id="Login"]'.</msg>
<arg>${LOGIN_BUTTON_XPATH}</arg>
<doc>Clicks the button identified by ``locator``.</doc>
<status status="PASS" start="2026-01-12T17:14:42.351145" elapsed="0.067475"/>
</kw>
<if>
<branch type="IF" condition="'${username}' == 'qasmart.zee@bssuniversal.com' and '${password}' == 'Bss@2025-1'">
<kw name="Pause Execution" owner="Dialogs">
<arg>🟡 Salesforce sent a verification code to Outlook. Please \nenter it manually and click "Verify" in the browser. Then \npress OK to continue.</arg>
<doc>Pauses execution until user clicks ``Ok`` button.</doc>
<status status="NOT RUN" start="2026-01-12T17:14:42.419033" elapsed="0.000031"/>
</kw>
<kw name="Wait Until Element Is Visible" owner="SeleniumLibrary">
<arg>${CRM_TEXT_VISIBLE}</arg>
<arg>10s</arg>
<doc>Waits until the element ``locator`` is visible.</doc>
<status status="NOT RUN" start="2026-01-12T17:14:42.419161" elapsed="0.000023"/>
</kw>
<status status="NOT RUN" start="2026-01-12T17:14:42.418758" elapsed="0.000484"/>
</branch>
<branch type="ELSE">
<kw name="Page Should Contain" owner="SeleniumLibrary">
<msg time="2026-01-12T17:14:42.738652" level="INFO">Current page contains text 'Please check your username and password. If you still can't log in, contact your Salesforce administrator.'.</msg>
<arg>Please check your username and password. If you still can't log in, contact your Salesforce administrator.</arg>
<doc>Verifies that current page contains ``text``.</doc>
<status status="PASS" start="2026-01-12T17:14:42.419361" elapsed="0.319407"/>
</kw>
<status status="PASS" start="2026-01-12T17:14:42.419283" elapsed="0.319567"/>
</branch>
<status status="PASS" start="2026-01-12T17:14:42.418732" elapsed="0.320162"/>
</if>
<arg>username=adm</arg>
<arg>password=123</arg>
<status status="PASS" start="2026-01-12T17:14:40.151300" elapsed="2.587656"/>
</kw>
<doc>Verify the Login Functionality with ${Status} username and password.</doc>
<tag>critical</tag>
<tag>login</tag>
<tag>smoke</tag>
<status status="PASS" start="2026-01-12T17:14:40.148799" elapsed="2.590472"/>
</test>
<test id="s1-s1-s1-t3" name="Login Test Case Using Invalid username and password -- Admin and admin123" line="31">
<kw name="Login Scenario">
<kw name="Sleep" owner="BuiltIn">
<msg time="2026-01-12T17:14:44.742458" level="INFO">Slept 2 seconds.</msg>
<arg>2s</arg>
<doc>Pauses the test executed for the given time.</doc>
<status status="PASS" start="2026-01-12T17:14:42.741676" elapsed="2.000919"/>
</kw>
<kw name="Input Text" owner="SeleniumLibrary">
<msg time="2026-01-12T17:14:44.743002" level="INFO">Typing text 'Admin' into text field 'xpath=//*[@id="username"]'.</msg>
<arg>${USERNAME_XPATH}</arg>
<arg>${username}</arg>
<doc>Types the given ``text`` into the text field identified by ``locator``.</doc>
<status status="PASS" start="2026-01-12T17:14:44.742760" elapsed="0.070020"/>
</kw>
<kw name="Input Password" owner="SeleniumLibrary">
<msg time="2026-01-12T17:14:44.813271" level="INFO">Typing password into text field 'xpath=//*[@id="password"]'.</msg>
<msg time="2026-01-12T17:14:44.834954" level="INFO">Temporally setting log level to: NONE</msg>
<arg>${PASSWORD_XPATH}</arg>
<arg>${password}</arg>
<doc>Types the given password into the text field identified by ``locator``.</doc>
<status status="PASS" start="2026-01-12T17:14:44.813003" elapsed="0.058175"/>
</kw>
<kw name="Select Checkbox" owner="SeleniumLibrary">
<msg time="2026-01-12T17:14:44.871537" level="INFO">Selecting checkbox 'xpath=//input[@id="rememberUn"]'.</msg>
<arg>${CHECKBOX_XPATH}</arg>
<doc>Selects the checkbox identified by ``locator``.</doc>
<status status="PASS" start="2026-01-12T17:14:44.871350" elapsed="0.057144"/>
</kw>
<kw name="Click Button" owner="SeleniumLibrary">
<msg time="2026-01-12T17:14:44.928893" level="INFO">Clicking button 'xpath=//*[@id="Login"]'.</msg>
<arg>${LOGIN_BUTTON_XPATH}</arg>
<doc>Clicks the button identified by ``locator``.</doc>
<status status="PASS" start="2026-01-12T17:14:44.928680" elapsed="0.038442"/>
</kw>
<if>
<branch type="IF" condition="'${username}' == 'qasmart.zee@bssuniversal.com' and '${password}' == 'Bss@2025-1'">
<kw name="Pause Execution" owner="Dialogs">
<arg>🟡 Salesforce sent a verification code to Outlook. Please \nenter it manually and click "Verify" in the browser. Then \npress OK to continue.</arg>
<doc>Pauses execution until user clicks ``Ok`` button.</doc>
<status status="NOT RUN" start="2026-01-12T17:14:44.967506" elapsed="0.000029"/>
</kw>
<kw name="Wait Until Element Is Visible" owner="SeleniumLibrary">
<arg>${CRM_TEXT_VISIBLE}</arg>
<arg>10s</arg>
<doc>Waits until the element ``locator`` is visible.</doc>
<status status="NOT RUN" start="2026-01-12T17:14:44.967625" elapsed="0.000022"/>
</kw>
<status status="NOT RUN" start="2026-01-12T17:14:44.967252" elapsed="0.000429"/>
</branch>
<branch type="ELSE">
<kw name="Page Should Contain" owner="SeleniumLibrary">
<msg time="2026-01-12T17:14:44.973717" level="INFO">Current page contains text 'Please check your username and password. If you still can't log in, contact your Salesforce administrator.'.</msg>
<arg>Please check your username and password. If you still can't log in, contact your Salesforce administrator.</arg>
<doc>Verifies that current page contains ``text``.</doc>
<status status="PASS" start="2026-01-12T17:14:44.967790" elapsed="0.006017"/>
</kw>
<status status="PASS" start="2026-01-12T17:14:44.967718" elapsed="0.006154"/>
</branch>
<status status="PASS" start="2026-01-12T17:14:44.967225" elapsed="0.006686"/>
</if>
<arg>username=Admin</arg>
<arg>password=admin123</arg>
<status status="PASS" start="2026-01-12T17:14:42.741278" elapsed="2.232683"/>
</kw>
<doc>Verify the Login Functionality with ${Status} username and password.</doc>
<tag>critical</tag>
<tag>login</tag>
<tag>smoke</tag>
<status status="PASS" start="2026-01-12T17:14:42.740085" elapsed="2.234124"/>
</test>
<test id="s1-s1-s1-t4" name="Login Test Case Using Valid username and password -- qasmart.zee@bssuniversal.com and Bss@2025-1" line="31">
<kw name="Login Scenario">
<kw name="Sleep" owner="BuiltIn">
<msg time="2026-01-12T17:14:46.978714" level="INFO">Slept 2 seconds.</msg>
<arg>2s</arg>
<doc>Pauses the test executed for the given time.</doc>
<status status="PASS" start="2026-01-12T17:14:44.978000" elapsed="2.000939"/>
</kw>
<kw name="Input Text" owner="SeleniumLibrary">
<msg time="2026-01-12T17:14:46.979425" level="INFO">Typing text 'qasmart.zee@bssuniversal.com' into text field 'xpath=//*[@id="username"]'.</msg>
<arg>${USERNAME_XPATH}</arg>
<arg>${username}</arg>
<doc>Types the given ``text`` into the text field identified by ``locator``.</doc>
<status status="PASS" start="2026-01-12T17:14:46.979190" elapsed="0.061376"/>
</kw>
<kw name="Input Password" owner="SeleniumLibrary">
<msg time="2026-01-12T17:14:47.040978" level="INFO">Typing password into text field 'xpath=//*[@id="password"]'.</msg>
<msg time="2026-01-12T17:14:47.061327" level="INFO">Temporally setting log level to: NONE</msg>
<arg>${PASSWORD_XPATH}</arg>
<arg>${password}</arg>
<doc>Types the given password into the text field identified by ``locator``.</doc>
<status status="PASS" start="2026-01-12T17:14:47.040741" elapsed="0.047634"/>
</kw>
<kw name="Select Checkbox" owner="SeleniumLibrary">
<msg time="2026-01-12T17:14:47.088733" level="INFO">Selecting checkbox 'xpath=//input[@id="rememberUn"]'.</msg>
<arg>${CHECKBOX_XPATH}</arg>
<doc>Selects the checkbox identified by ``locator``.</doc>
<status status="PASS" start="2026-01-12T17:14:47.088539" elapsed="0.047177"/>
</kw>
<kw name="Click Button" owner="SeleniumLibrary">
<msg time="2026-01-12T17:14:47.136093" level="INFO">Clicking button 'xpath=//*[@id="Login"]'.</msg>
<arg>${LOGIN_BUTTON_XPATH}</arg>
<doc>Clicks the button identified by ``locator``.</doc>
<status status="PASS" start="2026-01-12T17:14:47.135886" elapsed="3.057829"/>
</kw>
<if>
<branch type="IF" condition="'${username}' == 'qasmart.zee@bssuniversal.com' and '${password}' == 'Bss@2025-1'">
<kw name="Pause Execution" owner="Dialogs">
<arg>🟡 Salesforce sent a verification code to Outlook. Please \nenter it manually and click "Verify" in the browser. Then \npress OK to continue.</arg>
<doc>Pauses execution until user clicks ``Ok`` button.</doc>
<status status="PASS" start="2026-01-12T17:14:50.194399" elapsed="26.492094"/>
</kw>
<kw name="Wait Until Element Is Visible" owner="SeleniumLibrary">
<msg time="2026-01-12T17:15:27.430855" level="INFO" html="true">&lt;/td&gt;&lt;/tr&gt;&lt;tr&gt;&lt;td colspan="3"&gt;&lt;a href="selenium-screenshot-153.png"&gt;&lt;img src="selenium-screenshot-153.png" width="800px"&gt;&lt;/a&gt;</msg>
<msg time="2026-01-12T17:15:27.431104" level="FAIL">Element 'xpath=//div[contains(@class,'slds-no-print oneAppNavContainer')]//child::span[@title='CRM']' not visible after 10 seconds.</msg>
<arg>${CRM_TEXT_VISIBLE}</arg>
<arg>10s</arg>
<doc>Waits until the element ``locator`` is visible.</doc>
<status status="FAIL" start="2026-01-12T17:15:16.687014" elapsed="10.894089">Element 'xpath=//div[contains(@class,'slds-no-print oneAppNavContainer')]//child::span[@title='CRM']' not visible after 10 seconds.</status>
</kw>
<status status="FAIL" start="2026-01-12T17:14:50.193965" elapsed="37.387316">Element 'xpath=//div[contains(@class,'slds-no-print oneAppNavContainer')]//child::span[@title='CRM']' not visible after 10 seconds.</status>
</branch>
<branch type="ELSE">
<kw name="Page Should Contain" owner="SeleniumLibrary">
<arg>Please check your username and password. If you still can't log in, contact your Salesforce administrator.</arg>
<doc>Verifies that current page contains ``text``.</doc>
<status status="NOT RUN" start="2026-01-12T17:15:27.581566" elapsed="0.000050"/>
</kw>
<status status="NOT RUN" start="2026-01-12T17:15:27.581338" elapsed="0.000331"/>
</branch>
<status status="FAIL" start="2026-01-12T17:14:50.193915" elapsed="37.387795">Element 'xpath=//div[contains(@class,'slds-no-print oneAppNavContainer')]//child::span[@title='CRM']' not visible after 10 seconds.</status>
</if>
<arg>username=qasmart.zee@bssuniversal.com</arg>
<arg>password=Bss@2025-1</arg>
<status status="FAIL" start="2026-01-12T17:14:44.977337" elapsed="42.604485">Element 'xpath=//div[contains(@class,'slds-no-print oneAppNavContainer')]//child::span[@title='CRM']' not visible after 10 seconds.</status>
</kw>
<doc>Verify the Login Functionality with ${Status} username and password.</doc>
<tag>critical</tag>
<tag>login</tag>
<tag>smoke</tag>
<status status="FAIL" start="2026-01-12T17:14:44.974816" elapsed="42.607434">Element 'xpath=//div[contains(@class,'slds-no-print oneAppNavContainer')]//child::span[@title='CRM']' not visible after 10 seconds.</status>
</test>
<status status="FAIL" start="2026-01-12T17:14:23.380888" elapsed="64.202281"/>
</suite>
<status status="FAIL" start="2026-01-12T17:14:23.379579" elapsed="64.205422"/>
</suite>
<suite id="s1-s2" name="Brick Account Folder" source="C:\Users\Ahmad.Raza\PycharmProjects\Demo_SmartCRM-Final\Automation\Brick_Account_Folder">
<suite id="s1-s2-s1" name="Brick" source="C:\Users\Ahmad.Raza\PycharmProjects\Demo_SmartCRM-Final\Automation\Brick_Account_Folder\Brick.robot">
<test id="s1-s2-s1-t1" name="Create Brick Using Brick-CareZone" line="65">
<kw name="Search and Create Brick Account">
<kw name="Sleep" owner="BuiltIn">
<msg time="2026-01-12T17:15:37.628753" level="INFO">Slept 10 seconds.</msg>
<arg>10s</arg>
<doc>Pauses the test executed for the given time.</doc>
<status status="PASS" start="2026-01-12T17:15:27.627458" elapsed="10.001452"/>
</kw>
<kw name="Click Button" owner="SeleniumLibrary">
<msg time="2026-01-12T17:15:37.629333" level="INFO">Clicking button 'xpath=//button[@title='App Launcher']'.</msg>
<msg time="2026-01-12T17:15:37.755336" level="INFO" html="true">&lt;/td&gt;&lt;/tr&gt;&lt;tr&gt;&lt;td colspan="3"&gt;&lt;a href="selenium-screenshot-154.png"&gt;&lt;img src="selenium-screenshot-154.png" width="800px"&gt;&lt;/a&gt;</msg>
<msg time="2026-01-12T17:15:37.755505" level="FAIL">Button with locator 'xpath=//button[@title='App Launcher']' not found.</msg>
<arg>${APP_LAUNCHER_BUTTON}</arg>
<doc>Clicks the button identified by ``locator``.</doc>
<status status="FAIL" start="2026-01-12T17:15:37.629094" elapsed="0.364782">Button with locator 'xpath=//button[@title='App Launcher']' not found.</status>
</kw>
<kw name="Wait Until Element Is Visible" owner="SeleniumLibrary">
<arg>${SEARCH_APP}</arg>
<arg>10s</arg>
<doc>Waits until the element ``locator`` is visible.</doc>
<status status="NOT RUN" start="2026-01-12T17:15:37.994068" elapsed="0.000032"/>
</kw>
<kw name="Input Text" owner="SeleniumLibrary">
<arg>${SEARCH_APP}</arg>
<arg>${ENTER_ACCOUNT_TEXT}</arg>
<doc>Types the given ``text`` into the text field identified by ``locator``.</doc>
<status status="NOT RUN" start="2026-01-12T17:15:37.994177" elapsed="0.000021"/>
</kw>
<kw name="Wait Until Element Is Visible" owner="SeleniumLibrary">
<arg>${RESULT_ACCOUNT_TEXT}</arg>
<arg>10s</arg>
<doc>Waits until the element ``locator`` is visible.</doc>
<status status="NOT RUN" start="2026-01-12T17:15:37.994265" elapsed="0.000021"/>
</kw>
<kw name="Click Element" owner="SeleniumLibrary">
<arg>${RESULT_ACCOUNT_TEXT}</arg>
<doc>Click the element identified by ``locator``.</doc>
<status status="NOT RUN" start="2026-01-12T17:15:37.994352" elapsed="0.000020"/>
</kw>
<kw name="Wait Until Element Is Visible" owner="SeleniumLibrary">
<arg>${ACCOUNT_PAGE_HEADING}</arg>
<arg>10s</arg>
<doc>Waits until the element ``locator`` is visible.</doc>
<status status="NOT RUN" start="2026-01-12T17:15:37.994436" elapsed="0.000019"/>
</kw>
<kw name="Sleep" owner="BuiltIn">
<arg>5s</arg>
<doc>Pauses the test executed for the given time.</doc>
<status status="NOT RUN" start="2026-01-12T17:15:37.994521" elapsed="0.000020"/>
</kw>
<kw name="Click Element" owner="SeleniumLibrary">
<arg>${FILTER_BRICK_XPATH}</arg>
<doc>Click the element identified by ``locator``.</doc>
<status status="NOT RUN" start="2026-01-12T17:15:37.994608" elapsed="0.000019"/>
</kw>
<kw name="Wait Until Element Is Visible" owner="SeleniumLibrary">
<arg>${SELECT_ALL_AE_BRICK_XPATH}</arg>
<arg>10s</arg>
<doc>Waits until the element ``locator`` is visible.</doc>
<status status="NOT RUN" start="2026-01-12T17:15:37.994687" elapsed="0.000019"/>
</kw>
<kw name="Click Element" owner="SeleniumLibrary">
<arg>${SELECT_ALL_AE_BRICK_XPATH}</arg>
<doc>Click the element identified by ``locator``.</doc>
<status status="NOT RUN" start="2026-01-12T17:15:37.994768" elapsed="0.000018"/>
</kw>
<kw name="Sleep" owner="BuiltIn">
<arg>5s</arg>
<doc>Pauses the test executed for the given time.</doc>
<status status="NOT RUN" start="2026-01-12T17:15:37.994844" elapsed="0.000019"/>
</kw>
<kw name="Clear Element Text" owner="SeleniumLibrary">
<arg>${SEARCH_XPATH}</arg>
<doc>Clears the value of the text-input-element identified by ``locator``.</doc>
<status status="NOT RUN" start="2026-01-12T17:15:37.994924" elapsed="0.000018"/>
</kw>
<kw name="Sleep" owner="BuiltIn">
<arg>10s</arg>
<doc>Pauses the test executed for the given time.</doc>
<status status="NOT RUN" start="2026-01-12T17:15:37.995000" elapsed="0.000018"/>
</kw>
<kw name="Input Text" owner="SeleniumLibrary">
<arg>${SEARCH_XPATH}</arg>
<arg>${BRICK_NAME}</arg>
<doc>Types the given ``text`` into the text field identified by ``locator``.</doc>
<status status="NOT RUN" start="2026-01-12T17:15:37.995078" elapsed="0.000018"/>
</kw>
<kw name="Sleep" owner="BuiltIn">
<arg>10s</arg>
<doc>Pauses the test executed for the given time.</doc>
<status status="NOT RUN" start="2026-01-12T17:15:37.995153" elapsed="0.000018"/>
</kw>
<kw name="Press Key" owner="SeleniumLibrary">
<arg>${SEARCH_XPATH}</arg>
<arg>\\13</arg>
<doc>Simulates user pressing key on element identified by ``locator``.</doc>
<status status="NOT RUN" start="2026-01-12T17:15:37.995231" elapsed="0.000018"/>
</kw>
<kw name="Sleep" owner="BuiltIn">
<arg>10s</arg>
<doc>Pauses the test executed for the given time.</doc>
<status status="NOT RUN" start="2026-01-12T17:15:37.995306" elapsed="0.000018"/>
</kw>
<kw name="Set Variable" owner="BuiltIn">
<var>${SEARCH_BRICK_NAME_XPath}</var>
<arg>xpath=//a[@title='${BRICK_NAME}']</arg>
<doc>Returns the given values which can then be assigned to a variables.</doc>
<status status="NOT RUN" start="2026-01-12T17:15:37.995386" elapsed="0.000019"/>
</kw>
<kw name="Run Keyword And Return Status" owner="BuiltIn">
<var>${brick_exists}</var>
<arg>Element Should Be Visible</arg>
<arg>${SEARCH_BRICK_NAME_XPath}</arg>
<doc>Runs the specified keyword and returns the status as a Boolean value.</doc>
<status status="NOT RUN" start="2026-01-12T17:15:37.995483" elapsed="0.000020"/>
</kw>
<kw name="Run Keyword If" owner="BuiltIn">
<arg>${brick_exists}</arg>
<arg>Click Element</arg>
<arg>${SEARCH_BRICK_NAME_XPath}</arg>
<arg>ELSE</arg>
<arg>Create Brick</arg>
<arg>${BRICK_NAME}</arg>
<arg>${BRICK_DESCRIPTION}</arg>
<doc>Runs the given keyword with the given arguments, if ``condition`` is true.</doc>
<status status="NOT RUN" start="2026-01-12T17:15:37.995576" elapsed="0.000019"/>
</kw>
<arg>BRICK_NAME=Brick-CareZone</arg>
<arg>BRICK_DESCRIPTION=A localized region containing a cluster of clinics or healthcare providers for rep engagement.</arg>
<status status="FAIL" start="2026-01-12T17:15:27.627209" elapsed="10.368510">Button with locator 'xpath=//button[@title='App Launcher']' not found.</status>
</kw>
<doc>Test has only tag 'requirement: 42'.</doc>
<tag>smoke</tag>
<status status="FAIL" start="2026-01-12T17:15:27.625870" elapsed="10.370277">Button with locator 'xpath=//button[@title='App Launcher']' not found.</status>
</test>
<test id="s1-s2-s1-t2" name="Create Brick Using Brick-HealthCluster" line="65">
<kw name="Search and Create Brick Account">
<kw name="Sleep" owner="BuiltIn">
<msg time="2026-01-12T17:15:47.999444" level="INFO">Slept 10 seconds.</msg>
<arg>10s</arg>
<doc>Pauses the test executed for the given time.</doc>
<status status="PASS" start="2026-01-12T17:15:37.998478" elapsed="10.001095"/>
</kw>
<kw name="Click Button" owner="SeleniumLibrary">
<msg time="2026-01-12T17:15:47.999981" level="INFO">Clicking button 'xpath=//button[@title='App Launcher']'.</msg>
<msg time="2026-01-12T17:15:48.103969" level="INFO" html="true">&lt;/td&gt;&lt;/tr&gt;&lt;tr&gt;&lt;td colspan="3"&gt;&lt;a href="selenium-screenshot-155.png"&gt;&lt;img src="selenium-screenshot-155.png" width="800px"&gt;&lt;/a&gt;</msg>
<msg time="2026-01-12T17:15:48.104113" level="FAIL">Button with locator 'xpath=//button[@title='App Launcher']' not found.</msg>
<arg>${APP_LAUNCHER_BUTTON}</arg>
<doc>Clicks the button identified by ``locator``.</doc>
<status status="FAIL" start="2026-01-12T17:15:47.999749" elapsed="0.105249">Button with locator 'xpath=//button[@title='App Launcher']' not found.</status>
</kw>
<kw name="Wait Until Element Is Visible" owner="SeleniumLibrary">
<arg>${SEARCH_APP}</arg>
<arg>10s</arg>
<doc>Waits until the element ``locator`` is visible.</doc>
<status status="NOT RUN" start="2026-01-12T17:15:48.105163" elapsed="0.000030"/>
</kw>
<kw name="Input Text" owner="SeleniumLibrary">
<arg>${SEARCH_APP}</arg>
<arg>${ENTER_ACCOUNT_TEXT}</arg>
<doc>Types the given ``text`` into the text field identified by ``locator``.</doc>
<status status="NOT RUN" start="2026-01-12T17:15:48.105266" elapsed="0.000022"/>
</kw>
<kw name="Wait Until Element Is Visible" owner="SeleniumLibrary">
<arg>${RESULT_ACCOUNT_TEXT}</arg>
<arg>10s</arg>
<doc>Waits until the element ``locator`` is visible.</doc>
<status status="NOT RUN" start="2026-01-12T17:15:48.105359" elapsed="0.000020"/>
</kw>
<kw name="Click Element" owner="SeleniumLibrary">
<arg>${RESULT_ACCOUNT_TEXT}</arg>
<doc>Click the element identified by ``locator``.</doc>
<status status="NOT RUN" start="2026-01-12T17:15:48.105450" elapsed="0.000018"/>
</kw>
<kw name="Wait Until Element Is Visible" owner="SeleniumLibrary">
<arg>${ACCOUNT_PAGE_HEADING}</arg>
<arg>10s</arg>
<doc>Waits until the element ``locator`` is visible.</doc>
<status status="NOT RUN" start="2026-01-12T17:15:48.105528" elapsed="0.000018"/>
</kw>
<kw name="Sleep" owner="BuiltIn">
<arg>5s</arg>
<doc>Pauses the test executed for the given time.</doc>
<status status="NOT RUN" start="2026-01-12T17:15:48.105612" elapsed="0.000020"/>
</kw>
<kw name="Click Element" owner="SeleniumLibrary">
<arg>${FILTER_BRICK_XPATH}</arg>
<doc>Click the element identified by ``locator``.</doc>
<status status="NOT RUN" start="2026-01-12T17:15:48.105693" elapsed="0.000018"/>
</kw>
<kw name="Wait Until Element Is Visible" owner="SeleniumLibrary">
<arg>${SELECT_ALL_AE_BRICK_XPATH}</arg>
<arg>10s</arg>
<doc>Waits until the element ``locator`` is visible.</doc>
<status status="NOT RUN" start="2026-01-12T17:15:48.105769" elapsed="0.000017"/>
</kw>
<kw name="Click Element" owner="SeleniumLibrary">
<arg>${SELECT_ALL_AE_BRICK_XPATH}</arg>
<doc>Click the element identified by ``locator``.</doc>
<status status="NOT RUN" start="2026-01-12T17:15:48.105847" elapsed="0.000018"/>
</kw>
<kw name="Sleep" owner="BuiltIn">
<arg>5s</arg>
<doc>Pauses the test executed for the given time.</doc>
<status status="NOT RUN" start="2026-01-12T17:15:48.105921" elapsed="0.000019"/>
</kw>
<kw name="Clear Element Text" owner="SeleniumLibrary">
<arg>${SEARCH_XPATH}</arg>
<doc>Clears the value of the text-input-element identified by ``locator``.</doc>
<status status="NOT RUN" start="2026-01-12T17:15:48.106001" elapsed="0.000017"/>
</kw>
<kw name="Sleep" owner="BuiltIn">
<arg>10s</arg>
<doc>Pauses the test executed for the given time.</doc>
<status status="NOT RUN" start="2026-01-12T17:15:48.106100" elapsed="0.000017"/>
</kw>
<kw name="Input Text" owner="SeleniumLibrary">
<arg>${SEARCH_XPATH}</arg>
<arg>${BRICK_NAME}</arg>
<doc>Types the given ``text`` into the text field identified by ``locator``.</doc>
<status status="NOT RUN" start="2026-01-12T17:15:48.106176" elapsed="0.000028"/>
</kw>
<kw name="Sleep" owner="BuiltIn">
<arg>10s</arg>
<doc>Pauses the test executed for the given time.</doc>
<status status="NOT RUN" start="2026-01-12T17:15:48.106271" elapsed="0.000020"/>
</kw>
<kw name="Press Key" owner="SeleniumLibrary">
<arg>${SEARCH_XPATH}</arg>
<arg>\\13</arg>
<doc>Simulates user pressing key on element identified by ``locator``.</doc>
<status status="NOT RUN" start="2026-01-12T17:15:48.106363" elapsed="0.000025"/>
</kw>
<kw name="Sleep" owner="BuiltIn">
<arg>10s</arg>
<doc>Pauses the test executed for the given time.</doc>
<status status="NOT RUN" start="2026-01-12T17:15:48.106447" elapsed="0.000017"/>
</kw>
<kw name="Set Variable" owner="BuiltIn">
<var>${SEARCH_BRICK_NAME_XPath}</var>
<arg>xpath=//a[@title='${BRICK_NAME}']</arg>
<doc>Returns the given values which can then be assigned to a variables.</doc>
<status status="NOT RUN" start="2026-01-12T17:15:48.106544" elapsed="0.000019"/>
</kw>
<kw name="Run Keyword And Return Status" owner="BuiltIn">
<var>${brick_exists}</var>
<arg>Element Should Be Visible</arg>
<arg>${SEARCH_BRICK_NAME_XPath}</arg>
<doc>Runs the specified keyword and returns the status as a Boolean value.</doc>
<status status="NOT RUN" start="2026-01-12T17:15:48.106644" elapsed="0.000021"/>
</kw>
<kw name="Run Keyword If" owner="BuiltIn">
<arg>${brick_exists}</arg>
<arg>Click Element</arg>
<arg>${SEARCH_BRICK_NAME_XPath}</arg>
<arg>ELSE</arg>
<arg>Create Brick</arg>
<arg>${BRICK_NAME}</arg>
<arg>${BRICK_DESCRIPTION}</arg>
<doc>Runs the given keyword with the given arguments, if ``condition`` is true.</doc>
<status status="NOT RUN" start="2026-01-12T17:15:48.106740" elapsed="0.000020"/>
</kw>
<arg>BRICK_NAME=Brick-HealthCluster</arg>
<arg>BRICK_DESCRIPTION=Group of medical accounts within a defined region, used for campaign targeting and visit planning based on the brick names given to hospitals.</arg>
<status status="FAIL" start="2026-01-12T17:15:37.998270" elapsed="10.108605">Button with locator 'xpath=//button[@title='App Launcher']' not found.</status>
</kw>
<doc>Test has only tag 'requirement: 42'.</doc>
<tag>smoke</tag>
<status status="FAIL" start="2026-01-12T17:15:37.997115" elapsed="10.110168">Button with locator 'xpath=//button[@title='App Launcher']' not found.</status>
</test>
<status status="FAIL" start="2026-01-12T17:15:27.587581" elapsed="20.520648"/>
</suite>
<status status="FAIL" start="2026-01-12T17:15:27.585847" elapsed="20.523425"/>
</suite>
<suite id="s1-s3" name="Hospital Account Folder" source="C:\Users\Ahmad.Raza\PycharmProjects\Demo_SmartCRM-Final\Automation\Hospital_Account_Folder">
<suite id="s1-s3-s1" name="Hospital" source="C:\Users\Ahmad.Raza\PycharmProjects\Demo_SmartCRM-Final\Automation\Hospital_Account_Folder\Hospital.robot">
<test id="s1-s3-s1-t1" name="Create Hospital Account Using Doctor Hospital and Brick-CareZone" line="76">
<kw name="Search and Create Hospital Account">
<kw name="Sleep" owner="BuiltIn">
<msg time="2026-01-12T17:15:58.148602" level="INFO">Slept 10 seconds.</msg>
<arg>10s</arg>
<doc>Pauses the test executed for the given time.</doc>
<status status="PASS" start="2026-01-12T17:15:48.148092" elapsed="10.000628"/>
</kw>
<kw name="Click Button" owner="SeleniumLibrary">
<msg time="2026-01-12T17:15:58.149140" level="INFO">Clicking button 'xpath=//button[@title='App Launcher']'.</msg>
<msg time="2026-01-12T17:15:58.252622" level="INFO" html="true">&lt;/td&gt;&lt;/tr&gt;&lt;tr&gt;&lt;td colspan="3"&gt;&lt;a href="selenium-screenshot-156.png"&gt;&lt;img src="selenium-screenshot-156.png" width="800px"&gt;&lt;/a&gt;</msg>
<msg time="2026-01-12T17:15:58.252776" level="FAIL">Button with locator 'xpath=//button[@title='App Launcher']' not found.</msg>
<arg>${APP_LAUNCHER_BUTTON}</arg>
<doc>Clicks the button identified by ``locator``.</doc>
<status status="FAIL" start="2026-01-12T17:15:58.148873" elapsed="0.104866">Button with locator 'xpath=//button[@title='App Launcher']' not found.</status>
</kw>
<kw name="Wait Until Element Is Visible" owner="SeleniumLibrary">
<arg>${SEARCH_APP}</arg>
<arg>10s</arg>
<doc>Waits until the element ``locator`` is visible.</doc>
<status status="NOT RUN" start="2026-01-12T17:15:58.253903" elapsed="0.000030"/>
</kw>
<kw name="Input Text" owner="SeleniumLibrary">
<arg>${SEARCH_APP}</arg>
<arg>${ENTER_ACCOUNT_TEXT}</arg>
<doc>Types the given ``text`` into the text field identified by ``locator``.</doc>
<status status="NOT RUN" start="2026-01-12T17:15:58.254012" elapsed="0.000020"/>
</kw>
<kw name="Wait Until Element Is Visible" owner="SeleniumLibrary">
<arg>${RESULT_ACCOUNT_TEXT}</arg>
<arg>10s</arg>
<doc>Waits until the element ``locator`` is visible.</doc>
<status status="NOT RUN" start="2026-01-12T17:15:58.254099" elapsed="0.000024"/>
</kw>
<kw name="Click Element" owner="SeleniumLibrary">
<arg>${RESULT_ACCOUNT_TEXT}</arg>
<doc>Click the element identified by ``locator``.</doc>
<status status="NOT RUN" start="2026-01-12T17:15:58.254191" elapsed="0.000018"/>
</kw>
<kw name="Wait Until Element Is Visible" owner="SeleniumLibrary">
<arg>${ACCOUNT_PAGE_HEADING}</arg>
<arg>10s</arg>
<doc>Waits until the element ``locator`` is visible.</doc>
<status status="NOT RUN" start="2026-01-12T17:15:58.254270" elapsed="0.000019"/>
</kw>
<kw name="Sleep" owner="BuiltIn">
<arg>5s</arg>
<doc>Pauses the test executed for the given time.</doc>
<status status="NOT RUN" start="2026-01-12T17:15:58.254354" elapsed="0.000019"/>
</kw>
<kw name="Click Element" owner="SeleniumLibrary">
<arg>${FILTER_BRICK_XPATH}</arg>
<doc>Click the element identified by ``locator``.</doc>
<status status="NOT RUN" start="2026-01-12T17:15:58.254436" elapsed="0.000034"/>
</kw>
<kw name="Wait Until Element Is Visible" owner="SeleniumLibrary">
<arg>${SELECT_ALL_AE_ACCOUNT_XPATH}</arg>
<arg>10s</arg>
<doc>Waits until the element ``locator`` is visible.</doc>
<status status="NOT RUN" start="2026-01-12T17:15:58.254537" elapsed="0.000018"/>
</kw>
<kw name="Click Element" owner="SeleniumLibrary">
<arg>${SELECT_ALL_AE_ACCOUNT_XPATH}</arg>
<doc>Click the element identified by ``locator``.</doc>
<status status="NOT RUN" start="2026-01-12T17:15:58.254629" elapsed="0.000027"/>
</kw>
<kw name="Sleep" owner="BuiltIn">
<arg>5s</arg>
<doc>Pauses the test executed for the given time.</doc>
<status status="NOT RUN" start="2026-01-12T17:15:58.254715" elapsed="0.000018"/>
</kw>
<kw name="Input Text" owner="SeleniumLibrary">
<arg>${SEARCH_XPATH}</arg>
<arg>${ACCOUNT_NAME}</arg>
<doc>Types the given ``text`` into the text field identified by ``locator``.</doc>
<status status="NOT RUN" start="2026-01-12T17:15:58.254798" elapsed="0.000033"/>
</kw>
<kw name="Sleep" owner="BuiltIn">
<arg>10s</arg>
<doc>Pauses the test executed for the given time.</doc>
<status status="NOT RUN" start="2026-01-12T17:15:58.254895" elapsed="0.000018"/>
</kw>
<kw name="Press Key" owner="SeleniumLibrary">
<arg>${SEARCH_XPATH}</arg>
<arg>\\13</arg>
<doc>Simulates user pressing key on element identified by ``locator``.</doc>
<status status="NOT RUN" start="2026-01-12T17:15:58.254974" elapsed="0.000017"/>
</kw>
<kw name="Set Variable" owner="BuiltIn">
<var>${SEARCH_HOSPITAL_NAME}</var>
<arg>xpath=//a[@title='${ACCOUNT_NAME}']</arg>
<doc>Returns the given values which can then be assigned to a variables.</doc>
<status status="NOT RUN" start="2026-01-12T17:15:58.255055" elapsed="0.000018"/>
</kw>
<kw name="Log To Console" owner="BuiltIn">
<arg>${SEARCH_HOSPITAL_NAME}</arg>
<doc>Logs the given message to the console.</doc>
<status status="NOT RUN" start="2026-01-12T17:15:58.255141" elapsed="0.000021"/>
</kw>
<kw name="Sleep" owner="BuiltIn">
<arg>10s</arg>
<doc>Pauses the test executed for the given time.</doc>
<status status="NOT RUN" start="2026-01-12T17:15:58.255227" elapsed="0.000023"/>
</kw>
<kw name="Run Keyword And Return Status" owner="BuiltIn">
<var>${hospital_exists}</var>
<arg>Element Should Be Visible</arg>
<arg>${SEARCH_HOSPITAL_NAME}</arg>
<doc>Runs the specified keyword and returns the status as a Boolean value.</doc>
<status status="NOT RUN" start="2026-01-12T17:15:58.255325" elapsed="0.000020"/>
</kw>
<kw name="Run Keyword If" owner="BuiltIn">
<arg>${hospital_exists}</arg>
<arg>Click Element</arg>
<arg>${SEARCH_HOSPITAL_NAME}</arg>
<arg>ELSE</arg>
<arg>Create Hospital</arg>
<arg>${ACCOUNT_NAME}</arg>
<arg>${BRICK_NAME}</arg>
<arg>${BILLING_ADDRESS}</arg>
<doc>Runs the given keyword with the given arguments, if ``condition`` is true.</doc>
<status status="NOT RUN" start="2026-01-12T17:15:58.255423" elapsed="0.000021"/>
</kw>
<arg>ACCOUNT_NAME=Doctor Hospital</arg>
<arg>BRICK_NAME=Brick-CareZone</arg>
<arg>BILLING_ADDRESS=230 E Marydale Ave, Suite 1
Soldotna, AK 99669</arg>
<status status="FAIL" start="2026-01-12T17:15:48.147691" elapsed="10.107870">Button with locator 'xpath=//button[@title='App Launcher']' not found.</status>
</kw>
<doc>Test has only tag 'requirement: 42'.</doc>
<tag>smoke</tag>
<status status="FAIL" start="2026-01-12T17:15:48.146347" elapsed="10.109651">Button with locator 'xpath=//button[@title='App Launcher']' not found.</status>
</test>
<test id="s1-s3-s1-t2" name="Create Hospital Account Using Alpha Care Hospital and Brick-HealthCluster" line="76">
<kw name="Search and Create Hospital Account">
<kw name="Sleep" owner="BuiltIn">
<msg time="2026-01-12T17:16:08.259328" level="INFO">Slept 10 seconds.</msg>
<arg>10s</arg>
<doc>Pauses the test executed for the given time.</doc>
<status status="PASS" start="2026-01-12T17:15:58.258060" elapsed="10.001555"/>
</kw>
<kw name="Click Button" owner="SeleniumLibrary">
<msg time="2026-01-12T17:16:08.260298" level="INFO">Clicking button 'xpath=//button[@title='App Launcher']'.</msg>
<msg time="2026-01-12T17:16:08.368107" level="INFO" html="true">&lt;/td&gt;&lt;/tr&gt;&lt;tr&gt;&lt;td colspan="3"&gt;&lt;a href="selenium-screenshot-157.png"&gt;&lt;img src="selenium-screenshot-157.png" width="800px"&gt;&lt;/a&gt;</msg>
<msg time="2026-01-12T17:16:08.368296" level="FAIL">Button with locator 'xpath=//button[@title='App Launcher']' not found.</msg>
<arg>${APP_LAUNCHER_BUTTON}</arg>
<doc>Clicks the button identified by ``locator``.</doc>
<status status="FAIL" start="2026-01-12T17:16:08.259940" elapsed="0.109983">Button with locator 'xpath=//button[@title='App Launcher']' not found.</status>
</kw>
<kw name="Wait Until Element Is Visible" owner="SeleniumLibrary">
<arg>${SEARCH_APP}</arg>
<arg>10s</arg>
<doc>Waits until the element ``locator`` is visible.</doc>
<status status="NOT RUN" start="2026-01-12T17:16:08.370246" elapsed="0.000045"/>
</kw>
<kw name="Input Text" owner="SeleniumLibrary">
<arg>${SEARCH_APP}</arg>
<arg>${ENTER_ACCOUNT_TEXT}</arg>
<doc>Types the given ``text`` into the text field identified by ``locator``.</doc>
<status status="NOT RUN" start="2026-01-12T17:16:08.370387" elapsed="0.000023"/>
</kw>
<kw name="Wait Until Element Is Visible" owner="SeleniumLibrary">
<arg>${RESULT_ACCOUNT_TEXT}</arg>
<arg>10s</arg>
<doc>Waits until the element ``locator`` is visible.</doc>
<status status="NOT RUN" start="2026-01-12T17:16:08.370498" elapsed="0.000029"/>
</kw>
<kw name="Click Element" owner="SeleniumLibrary">
<arg>${RESULT_ACCOUNT_TEXT}</arg>
<doc>Click the element identified by ``locator``.</doc>
<status status="NOT RUN" start="2026-01-12T17:16:08.370626" elapsed="0.000022"/>
</kw>
<kw name="Wait Until Element Is Visible" owner="SeleniumLibrary">
<arg>${ACCOUNT_PAGE_HEADING}</arg>
<arg>10s</arg>
<doc>Waits until the element ``locator`` is visible.</doc>
<status status="NOT RUN" start="2026-01-12T17:16:08.370756" elapsed="0.000024"/>
</kw>
<kw name="Sleep" owner="BuiltIn">
<arg>5s</arg>
<doc>Pauses the test executed for the given time.</doc>
<status status="NOT RUN" start="2026-01-12T17:16:08.370865" elapsed="0.000020"/>
</kw>
<kw name="Click Element" owner="SeleniumLibrary">
<arg>${FILTER_BRICK_XPATH}</arg>
<doc>Click the element identified by ``locator``.</doc>
<status status="NOT RUN" start="2026-01-12T17:16:08.370947" elapsed="0.000019"/>
</kw>
<kw name="Wait Until Element Is Visible" owner="SeleniumLibrary">
<arg>${SELECT_ALL_AE_ACCOUNT_XPATH}</arg>
<arg>10s</arg>
<doc>Waits until the element ``locator`` is visible.</doc>
<status status="NOT RUN" start="2026-01-12T17:16:08.371027" elapsed="0.000019"/>
</kw>
<kw name="Click Element" owner="SeleniumLibrary">
<arg>${SELECT_ALL_AE_ACCOUNT_XPATH}</arg>
<doc>Click the element identified by ``locator``.</doc>
<status status="NOT RUN" start="2026-01-12T17:16:08.371139" elapsed="0.000020"/>
</kw>
<kw name="Sleep" owner="BuiltIn">
<arg>5s</arg>
<doc>Pauses the test executed for the given time.</doc>
<status status="NOT RUN" start="2026-01-12T17:16:08.371247" elapsed="0.000018"/>
</kw>
<kw name="Input Text" owner="SeleniumLibrary">
<arg>${SEARCH_XPATH}</arg>
<arg>${ACCOUNT_NAME}</arg>
<doc>Types the given ``text`` into the text field identified by ``locator``.</doc>
<status status="NOT RUN" start="2026-01-12T17:16:08.371326" elapsed="0.000018"/>
</kw>
<kw name="Sleep" owner="BuiltIn">
<arg>10s</arg>
<doc>Pauses the test executed for the given time.</doc>
<status status="NOT RUN" start="2026-01-12T17:16:08.371425" elapsed="0.000022"/>
</kw>
<kw name="Press Key" owner="SeleniumLibrary">
<arg>${SEARCH_XPATH}</arg>
<arg>\\13</arg>
<doc>Simulates user pressing key on element identified by ``locator``.</doc>
<status status="NOT RUN" start="2026-01-12T17:16:08.371516" elapsed="0.000021"/>
</kw>
<kw name="Set Variable" owner="BuiltIn">
<var>${SEARCH_HOSPITAL_NAME}</var>
<arg>xpath=//a[@title='${ACCOUNT_NAME}']</arg>
<doc>Returns the given values which can then be assigned to a variables.</doc>
<status status="NOT RUN" start="2026-01-12T17:16:08.371611" elapsed="0.000030"/>
</kw>
<kw name="Log To Console" owner="BuiltIn">
<arg>${SEARCH_HOSPITAL_NAME}</arg>
<doc>Logs the given message to the console.</doc>
<status status="NOT RUN" start="2026-01-12T17:16:08.371751" elapsed="0.000034"/>
</kw>
<kw name="Sleep" owner="BuiltIn">
<arg>10s</arg>
<doc>Pauses the test executed for the given time.</doc>
<status status="NOT RUN" start="2026-01-12T17:16:08.371889" elapsed="0.000031"/>
</kw>
<kw name="Run Keyword And Return Status" owner="BuiltIn">
<var>${hospital_exists}</var>
<arg>Element Should Be Visible</arg>
<arg>${SEARCH_HOSPITAL_NAME}</arg>
<doc>Runs the specified keyword and returns the status as a Boolean value.</doc>
<status status="NOT RUN" start="2026-01-12T17:16:08.372044" elapsed="0.000030"/>
</kw>
<kw name="Run Keyword If" owner="BuiltIn">
<arg>${hospital_exists}</arg>
<arg>Click Element</arg>
<arg>${SEARCH_HOSPITAL_NAME}</arg>
<arg>ELSE</arg>
<arg>Create Hospital</arg>
<arg>${ACCOUNT_NAME}</arg>
<arg>${BRICK_NAME}</arg>
<arg>${BILLING_ADDRESS}</arg>
<doc>Runs the given keyword with the given arguments, if ``condition`` is true.</doc>
<status status="NOT RUN" start="2026-01-12T17:16:08.372199" elapsed="0.000030"/>
</kw>
<arg>ACCOUNT_NAME=Alpha Care Hospital</arg>
<arg>BRICK_NAME=Brick-HealthCluster</arg>
<arg>BILLING_ADDRESS=299 N Binkley St
Soldotna, AK 99669</arg>
<status status="FAIL" start="2026-01-12T17:15:58.257764" elapsed="10.114641">Button with locator 'xpath=//button[@title='App Launcher']' not found.</status>
</kw>
<doc>Test has only tag 'requirement: 42'.</doc>
<tag>smoke</tag>
<status status="FAIL" start="2026-01-12T17:15:58.256476" elapsed="10.116412">Button with locator 'xpath=//button[@title='App Launcher']' not found.</status>
</test>
<status status="FAIL" start="2026-01-12T17:15:48.111761" elapsed="20.261664"/>
</suite>
<status status="FAIL" start="2026-01-12T17:15:48.110153" elapsed="20.264155"/>
</suite>
<status status="FAIL" start="2026-01-12T17:14:23.319321" elapsed="105.056166"/>
</suite>
<statistics>
<total>
<stat pass="3" fail="5" skip="0">All Tests</stat>
</total>
<tag>
<stat pass="3" fail="1" skip="0">critical</stat>
<stat pass="3" fail="1" skip="0">login</stat>
<stat pass="3" fail="5" skip="0">smoke</stat>
</tag>
<suite>
<stat name="Demo_SmartCRM-Final" id="s1" pass="3" fail="5" skip="0">Demo_SmartCRM-Final</stat>
<stat name="Login Folder" id="s1-s1" pass="3" fail="1" skip="0">Demo_SmartCRM-Final.Login Folder</stat>
<stat name="Login" id="s1-s1-s1" pass="3" fail="1" skip="0">Demo_SmartCRM-Final.Login Folder.Login</stat>
<stat name="Brick Account Folder" id="s1-s2" pass="0" fail="2" skip="0">Demo_SmartCRM-Final.Brick Account Folder</stat>
<stat name="Brick" id="s1-s2-s1" pass="0" fail="2" skip="0">Demo_SmartCRM-Final.Brick Account Folder.Brick</stat>
<stat name="Hospital Account Folder" id="s1-s3" pass="0" fail="2" skip="0">Demo_SmartCRM-Final.Hospital Account Folder</stat>
<stat name="Hospital" id="s1-s3-s1" pass="0" fail="2" skip="0">Demo_SmartCRM-Final.Hospital Account Folder.Hospital</stat>
</suite>
</statistics>
<errors>
<msg time="2026-01-12T17:14:28.825085" level="WARN">The chromedriver version (142.0.7444.162) detected in PATH at C:\Program Files\WebDriver\chromedriver.exe might not be compatible with the detected chrome version (143.0.7499.170); currently, chromedriver 143.0.7499.192 is recommended for chrome 143.*, so it is advised to delete the driver in PATH and retry</msg>
</errors>
</robot>
